<?xml version="1.0" encoding="UTF-8"?>
<testsuites>
  <testsuite name="C:\xampp\htdocs\apiAnalesCiencia\apiAnalesCiencia\tests\Controller\User" tests="2" assertions="20" errors="0" failures="1" skipped="0" time="0.416790">
    <testsuite name="TDW\Test\ACiencia\Controller\User\UserControllerTest" file="C:\xampp\htdocs\apiAnalesCiencia\apiAnalesCiencia\tests\Controller\User\UserControllerTest.php" tests="2" assertions="20" errors="0" failures="1" skipped="0" time="0.416790">
      <testcase name="testPostUser201Created" file="C:\xampp\htdocs\apiAnalesCiencia\apiAnalesCiencia\tests\Controller\User\UserControllerTest.php" line="103" class="TDW\Test\ACiencia\Controller\User\UserControllerTest" classname="TDW.Test.ACiencia.Controller.User.UserControllerTest" assertions="7" time="0.273989"/>
      <testcase name="testPostUser400BadRequest" file="C:\xampp\htdocs\apiAnalesCiencia\apiAnalesCiencia\tests\Controller\User\UserControllerTest.php" line="170" class="TDW\Test\ACiencia\Controller\User\UserControllerTest" classname="TDW.Test.ACiencia.Controller.User.UserControllerTest" assertions="13" time="0.142802">
        <failure type="PHPUnit\Framework\ExpectationFailedException">TDW\Test\ACiencia\Controller\User\UserControllerTest::testPostUser400BadRequest&#13;
Failed asserting that 201 is identical to 400.
&#13;
C:\xampp\htdocs\apiAnalesCiencia\apiAnalesCiencia\tests\Controller\BaseTestCase.php:155
C:\xampp\htdocs\apiAnalesCiencia\apiAnalesCiencia\tests\Controller\User\UserControllerTest.php:213</failure>
      </testcase>
    </testsuite>
  </testsuite>
</testsuites>
