<?xml version="1.0" encoding="UTF-8"?>
<testsuites>
  <testsuite name="" tests="250" assertions="1218" errors="0" failures="0" skipped="0" time="12.932288">
    <testsuite name="TDW ACiencia API testing" tests="250" assertions="1218" errors="0" failures="0" skipped="0" time="12.932288">
      <testsuite name="TDW\Test\ACiencia\Entity\PersonTest" file="C:\xampp\htdocs\apiAnalesCiencia\apiAnalesCiencia\tests\Entity\PersonTest.php" tests="11" assertions="26" errors="0" failures="0" skipped="0" time="0.015659">
        <testcase name="testGetSetPersonName" file="C:\xampp\htdocs\apiAnalesCiencia\apiAnalesCiencia\tests\Entity\PersonTest.php" line="62" class="TDW\Test\ACiencia\Entity\PersonTest" classname="TDW.Test.ACiencia.Entity.PersonTest" assertions="1" time="0.008211"/>
        <testcase name="testGetSetImageUrl" file="C:\xampp\htdocs\apiAnalesCiencia\apiAnalesCiencia\tests\Entity\PersonTest.php" line="92" class="TDW\Test\ACiencia\Entity\PersonTest" classname="TDW.Test.ACiencia.Entity.PersonTest" assertions="1" time="0.000156"/>
        <testcase name="testGetSetBirthDate" file="C:\xampp\htdocs\apiAnalesCiencia\apiAnalesCiencia\tests\Entity\PersonTest.php" line="72" class="TDW\Test\ACiencia\Entity\PersonTest" classname="TDW.Test.ACiencia.Entity.PersonTest" assertions="1" time="0.000125"/>
        <testcase name="testGetSetDeathDate" file="C:\xampp\htdocs\apiAnalesCiencia\apiAnalesCiencia\tests\Entity\PersonTest.php" line="82" class="TDW\Test\ACiencia\Entity\PersonTest" classname="TDW.Test.ACiencia.Entity.PersonTest" assertions="1" time="0.000082"/>
        <testcase name="testConstructor" file="C:\xampp\htdocs\apiAnalesCiencia\apiAnalesCiencia\tests\Entity\PersonTest.php" line="44" class="TDW\Test\ACiencia\Entity\PersonTest" classname="TDW.Test.ACiencia.Entity.PersonTest" assertions="4" time="0.000717"/>
        <testcase name="testGetId" file="C:\xampp\htdocs\apiAnalesCiencia\apiAnalesCiencia\tests\Entity\PersonTest.php" line="57" class="TDW\Test\ACiencia\Entity\PersonTest" classname="TDW.Test.ACiencia.Entity.PersonTest" assertions="1" time="0.000065"/>
        <testcase name="testToString" file="C:\xampp\htdocs\apiAnalesCiencia\apiAnalesCiencia\tests\Entity\PersonTest.php" line="144" class="TDW\Test\ACiencia\Entity\PersonTest" classname="TDW.Test.ACiencia.Entity.PersonTest" assertions="3" time="0.000742"/>
        <testcase name="testGetAddContainsRemoveEntities" file="C:\xampp\htdocs\apiAnalesCiencia\apiAnalesCiencia\tests\Entity\PersonTest.php" line="112" class="TDW\Test\ACiencia\Entity\PersonTest" classname="TDW.Test.ACiencia.Entity.PersonTest" assertions="6" time="0.003096"/>
        <testcase name="testJsonSerialize" file="C:\xampp\htdocs\apiAnalesCiencia\apiAnalesCiencia\tests\Entity\PersonTest.php" line="166" class="TDW\Test\ACiencia\Entity\PersonTest" classname="TDW.Test.ACiencia.Entity.PersonTest" assertions="1" time="0.000702"/>
        <testcase name="testGetAddContainsRemoveProducts" file="C:\xampp\htdocs\apiAnalesCiencia\apiAnalesCiencia\tests\Entity\PersonTest.php" line="128" class="TDW\Test\ACiencia\Entity\PersonTest" classname="TDW.Test.ACiencia.Entity.PersonTest" assertions="6" time="0.001582"/>
        <testcase name="testGetSetWikiUrl" file="C:\xampp\htdocs\apiAnalesCiencia\apiAnalesCiencia\tests\Entity\PersonTest.php" line="102" class="TDW\Test\ACiencia\Entity\PersonTest" classname="TDW.Test.ACiencia.Entity.PersonTest" assertions="1" time="0.000182"/>
      </testsuite>
      <testsuite name="TDW\Test\ACiencia\Controller\Entity\EntityControllerTest" file="C:\xampp\htdocs\apiAnalesCiencia\apiAnalesCiencia\tests\Controller\Entity\EntityControllerTest.php" tests="24" assertions="129" errors="0" failures="0" skipped="0" time="1.057192">
        <testcase name="testOptionsEntity204NoContent" file="C:\xampp\htdocs\apiAnalesCiencia\apiAnalesCiencia\tests\Controller\Entity\EntityControllerTest.php" line="395" class="TDW\Test\ACiencia\Controller\Entity\EntityControllerTest" classname="TDW.Test.ACiencia.Controller.Entity.EntityControllerTest" assertions="6" time="0.064187"/>
        <testcase name="testCGetEntities404NotFound" file="C:\xampp\htdocs\apiAnalesCiencia\apiAnalesCiencia\tests\Controller\Entity\EntityControllerTest.php" line="71" class="TDW\Test\ACiencia\Controller\Entity\EntityControllerTest" classname="TDW.Test.ACiencia.Controller.Entity.EntityControllerTest" assertions="6" time="0.156520"/>
        <testcase name="testPostEntity201Created" file="C:\xampp\htdocs\apiAnalesCiencia\apiAnalesCiencia\tests\Controller\Entity\EntityControllerTest.php" line="91" class="TDW\Test\ACiencia\Controller\Entity\EntityControllerTest" classname="TDW.Test.ACiencia.Controller.Entity.EntityControllerTest" assertions="9" time="0.034152"/>
        <testcase name="testCGetEntities200Ok" file="C:\xampp\htdocs\apiAnalesCiencia\apiAnalesCiencia\tests\Controller\Entity\EntityControllerTest.php" line="176" class="TDW\Test\ACiencia\Controller\Entity\EntityControllerTest" classname="TDW.Test.ACiencia.Controller.Entity.EntityControllerTest" assertions="6" time="0.030359"/>
        <testcase name="testPostEntity400BadRequest" file="C:\xampp\htdocs\apiAnalesCiencia\apiAnalesCiencia\tests\Controller\Entity\EntityControllerTest.php" line="153" class="TDW\Test\ACiencia\Controller\Entity\EntityControllerTest" classname="TDW.Test.ACiencia.Controller.Entity.EntityControllerTest" assertions="6" time="0.026211"/>
        <testcase name="testPostEntity422UnprocessableEntity" file="C:\xampp\htdocs\apiAnalesCiencia\apiAnalesCiencia\tests\Controller\Entity\EntityControllerTest.php" line="128" class="TDW\Test\ACiencia\Controller\Entity\EntityControllerTest" classname="TDW.Test.ACiencia.Controller.Entity.EntityControllerTest" assertions="6" time="0.007700"/>
        <testcase name="testGetEntity200Ok" file="C:\xampp\htdocs\apiAnalesCiencia\apiAnalesCiencia\tests\Controller\Entity\EntityControllerTest.php" line="228" class="TDW\Test\ACiencia\Controller\Entity\EntityControllerTest" classname="TDW.Test.ACiencia.Controller.Entity.EntityControllerTest" assertions="4" time="0.010634"/>
        <testcase name="testGetEntity304NotModified" file="C:\xampp\htdocs\apiAnalesCiencia\apiAnalesCiencia\tests\Controller\Entity\EntityControllerTest.php" line="256" class="TDW\Test\ACiencia\Controller\Entity\EntityControllerTest" classname="TDW.Test.ACiencia.Controller.Entity.EntityControllerTest" assertions="1" time="0.028561"/>
        <testcase name="testGetEntityname204NoContent" file="C:\xampp\htdocs\apiAnalesCiencia\apiAnalesCiencia\tests\Controller\Entity\EntityControllerTest.php" line="280" class="TDW\Test\ACiencia\Controller\Entity\EntityControllerTest" classname="TDW.Test.ACiencia.Controller.Entity.EntityControllerTest" assertions="2" time="0.030732"/>
        <testsuite name="TDW\Test\ACiencia\Controller\Entity\EntityControllerTest::testEntityStatus401Unauthorized" tests="3" assertions="18" errors="0" failures="0" skipped="0" time="0.017844">
          <testcase name="testEntityStatus401Unauthorized with data set &quot;postAction401&quot;" file="C:\xampp\htdocs\apiAnalesCiencia\apiAnalesCiencia\tests\Controller\Entity\EntityControllerTest.php" line="493" class="TDW\Test\ACiencia\Controller\Entity\EntityControllerTest" classname="TDW.Test.ACiencia.Controller.Entity.EntityControllerTest" assertions="6" time="0.005100"/>
          <testcase name="testEntityStatus401Unauthorized with data set &quot;putAction401&quot;" file="C:\xampp\htdocs\apiAnalesCiencia\apiAnalesCiencia\tests\Controller\Entity\EntityControllerTest.php" line="493" class="TDW\Test\ACiencia\Controller\Entity\EntityControllerTest" classname="TDW.Test.ACiencia.Controller.Entity.EntityControllerTest" assertions="6" time="0.004215"/>
          <testcase name="testEntityStatus401Unauthorized with data set &quot;deleteAction401&quot;" file="C:\xampp\htdocs\apiAnalesCiencia\apiAnalesCiencia\tests\Controller\Entity\EntityControllerTest.php" line="493" class="TDW\Test\ACiencia\Controller\Entity\EntityControllerTest" classname="TDW.Test.ACiencia.Controller.Entity.EntityControllerTest" assertions="6" time="0.008528"/>
        </testsuite>
        <testcase name="testCGetEntities304NotModified" file="C:\xampp\htdocs\apiAnalesCiencia\apiAnalesCiencia\tests\Controller\Entity\EntityControllerTest.php" line="203" class="TDW\Test\ACiencia\Controller\Entity\EntityControllerTest" classname="TDW.Test.ACiencia.Controller.Entity.EntityControllerTest" assertions="1" time="0.028087"/>
        <testcase name="testPutEntity209Updated" file="C:\xampp\htdocs\apiAnalesCiencia\apiAnalesCiencia\tests\Controller\Entity\EntityControllerTest.php" line="305" class="TDW\Test\ACiencia\Controller\Entity\EntityControllerTest" classname="TDW.Test.ACiencia.Controller.Entity.EntityControllerTest" assertions="8" time="0.031020"/>
        <testcase name="testPutEntity400BadRequest" file="C:\xampp\htdocs\apiAnalesCiencia\apiAnalesCiencia\tests\Controller\Entity\EntityControllerTest.php" line="345" class="TDW\Test\ACiencia\Controller\Entity\EntityControllerTest" classname="TDW.Test.ACiencia.Controller.Entity.EntityControllerTest" assertions="6" time="0.093806"/>
        <testcase name="testPutEntity412PreconditionFailed" file="C:\xampp\htdocs\apiAnalesCiencia\apiAnalesCiencia\tests\Controller\Entity\EntityControllerTest.php" line="381" class="TDW\Test\ACiencia\Controller\Entity\EntityControllerTest" classname="TDW.Test.ACiencia.Controller.Entity.EntityControllerTest" assertions="6" time="0.030797"/>
        <testcase name="testDeleteEntity204NoContent" file="C:\xampp\htdocs\apiAnalesCiencia\apiAnalesCiencia\tests\Controller\Entity\EntityControllerTest.php" line="428" class="TDW\Test\ACiencia\Controller\Entity\EntityControllerTest" classname="TDW.Test.ACiencia.Controller.Entity.EntityControllerTest" assertions="2" time="0.033626"/>
        <testcase name="testGetEntityname404NotFound" file="C:\xampp\htdocs\apiAnalesCiencia\apiAnalesCiencia\tests\Controller\Entity\EntityControllerTest.php" line="450" class="TDW\Test\ACiencia\Controller\Entity\EntityControllerTest" classname="TDW.Test.ACiencia.Controller.Entity.EntityControllerTest" assertions="6" time="0.027581"/>
        <testsuite name="TDW\Test\ACiencia\Controller\Entity\EntityControllerTest::testEntityStatus404NotFound" tests="3" assertions="18" errors="0" failures="0" skipped="0" time="0.093409">
          <testcase name="testEntityStatus404NotFound with data set &quot;deleteAction404&quot;" file="C:\xampp\htdocs\apiAnalesCiencia\apiAnalesCiencia\tests\Controller\Entity\EntityControllerTest.php" line="470" class="TDW\Test\ACiencia\Controller\Entity\EntityControllerTest" classname="TDW.Test.ACiencia.Controller.Entity.EntityControllerTest" assertions="6" time="0.031157"/>
          <testcase name="testEntityStatus404NotFound with data set &quot;getAction404&quot;" file="C:\xampp\htdocs\apiAnalesCiencia\apiAnalesCiencia\tests\Controller\Entity\EntityControllerTest.php" line="470" class="TDW\Test\ACiencia\Controller\Entity\EntityControllerTest" classname="TDW.Test.ACiencia.Controller.Entity.EntityControllerTest" assertions="6" time="0.029841"/>
          <testcase name="testEntityStatus404NotFound with data set &quot;putAction404&quot;" file="C:\xampp\htdocs\apiAnalesCiencia\apiAnalesCiencia\tests\Controller\Entity\EntityControllerTest.php" line="470" class="TDW\Test\ACiencia\Controller\Entity\EntityControllerTest" classname="TDW.Test.ACiencia.Controller.Entity.EntityControllerTest" assertions="6" time="0.032411"/>
        </testsuite>
        <testsuite name="TDW\Test\ACiencia\Controller\Entity\EntityControllerTest::testEntitiestatus403Forbidden" tests="3" assertions="18" errors="0" failures="0" skipped="0" time="0.311967">
          <testcase name="testEntitiestatus403Forbidden with data set &quot;postAction403&quot;" file="C:\xampp\htdocs\apiAnalesCiencia\apiAnalesCiencia\tests\Controller\Entity\EntityControllerTest.php" line="513" class="TDW\Test\ACiencia\Controller\Entity\EntityControllerTest" classname="TDW.Test.ACiencia.Controller.Entity.EntityControllerTest" assertions="6" time="0.109200"/>
          <testcase name="testEntitiestatus403Forbidden with data set &quot;deleteAction403&quot;" file="C:\xampp\htdocs\apiAnalesCiencia\apiAnalesCiencia\tests\Controller\Entity\EntityControllerTest.php" line="513" class="TDW\Test\ACiencia\Controller\Entity\EntityControllerTest" classname="TDW.Test.ACiencia.Controller.Entity.EntityControllerTest" assertions="6" time="0.096169"/>
          <testcase name="testEntitiestatus403Forbidden with data set &quot;putAction403&quot;" file="C:\xampp\htdocs\apiAnalesCiencia\apiAnalesCiencia\tests\Controller\Entity\EntityControllerTest.php" line="513" class="TDW\Test\ACiencia\Controller\Entity\EntityControllerTest" classname="TDW.Test.ACiencia.Controller.Entity.EntityControllerTest" assertions="6" time="0.106599"/>
        </testsuite>
      </testsuite>
      <testsuite name="TDW\Test\ACiencia\Controller\Product\ProductControllerTest" file="C:\xampp\htdocs\apiAnalesCiencia\apiAnalesCiencia\tests\Controller\Product\ProductControllerTest.php" tests="24" assertions="130" errors="0" failures="0" skipped="0" time="0.937629">
        <testsuite name="TDW\Test\ACiencia\Controller\Product\ProductControllerTest::testProductStatus403Forbidden" tests="3" assertions="18" errors="0" failures="0" skipped="0" time="0.313190">
          <testcase name="testProductStatus403Forbidden with data set &quot;putAction403&quot;" file="C:\xampp\htdocs\apiAnalesCiencia\apiAnalesCiencia\tests\Controller\Product\ProductControllerTest.php" line="512" class="TDW\Test\ACiencia\Controller\Product\ProductControllerTest" classname="TDW.Test.ACiencia.Controller.Product.ProductControllerTest" assertions="6" time="0.109921"/>
          <testcase name="testProductStatus403Forbidden with data set &quot;deleteAction403&quot;" file="C:\xampp\htdocs\apiAnalesCiencia\apiAnalesCiencia\tests\Controller\Product\ProductControllerTest.php" line="512" class="TDW\Test\ACiencia\Controller\Product\ProductControllerTest" classname="TDW.Test.ACiencia.Controller.Product.ProductControllerTest" assertions="6" time="0.106025"/>
          <testcase name="testProductStatus403Forbidden with data set &quot;postAction403&quot;" file="C:\xampp\htdocs\apiAnalesCiencia\apiAnalesCiencia\tests\Controller\Product\ProductControllerTest.php" line="512" class="TDW\Test\ACiencia\Controller\Product\ProductControllerTest" classname="TDW.Test.ACiencia.Controller.Product.ProductControllerTest" assertions="6" time="0.097243"/>
        </testsuite>
        <testsuite name="TDW\Test\ACiencia\Controller\Product\ProductControllerTest::testProductStatus401Unauthorized" tests="3" assertions="18" errors="0" failures="0" skipped="0" time="0.011837">
          <testcase name="testProductStatus401Unauthorized with data set &quot;postAction401&quot;" file="C:\xampp\htdocs\apiAnalesCiencia\apiAnalesCiencia\tests\Controller\Product\ProductControllerTest.php" line="492" class="TDW\Test\ACiencia\Controller\Product\ProductControllerTest" classname="TDW.Test.ACiencia.Controller.Product.ProductControllerTest" assertions="6" time="0.004097"/>
          <testcase name="testProductStatus401Unauthorized with data set &quot;deleteAction401&quot;" file="C:\xampp\htdocs\apiAnalesCiencia\apiAnalesCiencia\tests\Controller\Product\ProductControllerTest.php" line="492" class="TDW\Test\ACiencia\Controller\Product\ProductControllerTest" classname="TDW.Test.ACiencia.Controller.Product.ProductControllerTest" assertions="6" time="0.003841"/>
          <testcase name="testProductStatus401Unauthorized with data set &quot;putAction401&quot;" file="C:\xampp\htdocs\apiAnalesCiencia\apiAnalesCiencia\tests\Controller\Product\ProductControllerTest.php" line="492" class="TDW\Test\ACiencia\Controller\Product\ProductControllerTest" classname="TDW.Test.ACiencia.Controller.Product.ProductControllerTest" assertions="6" time="0.003899"/>
        </testsuite>
        <testcase name="testOptionsProduct204NoContent" file="C:\xampp\htdocs\apiAnalesCiencia\apiAnalesCiencia\tests\Controller\Product\ProductControllerTest.php" line="395" class="TDW\Test\ACiencia\Controller\Product\ProductControllerTest" classname="TDW.Test.ACiencia.Controller.Product.ProductControllerTest" assertions="6" time="0.006723"/>
        <testcase name="testCGetProducts404NotFound" file="C:\xampp\htdocs\apiAnalesCiencia\apiAnalesCiencia\tests\Controller\Product\ProductControllerTest.php" line="71" class="TDW\Test\ACiencia\Controller\Product\ProductControllerTest" classname="TDW.Test.ACiencia.Controller.Product.ProductControllerTest" assertions="6" time="0.124217"/>
        <testcase name="testPostProduct422UnprocessableEntity" file="C:\xampp\htdocs\apiAnalesCiencia\apiAnalesCiencia\tests\Controller\Product\ProductControllerTest.php" line="128" class="TDW\Test\ACiencia\Controller\Product\ProductControllerTest" classname="TDW.Test.ACiencia.Controller.Product.ProductControllerTest" assertions="6" time="0.005330"/>
        <testcase name="testPostProduct201Created" file="C:\xampp\htdocs\apiAnalesCiencia\apiAnalesCiencia\tests\Controller\Product\ProductControllerTest.php" line="91" class="TDW\Test\ACiencia\Controller\Product\ProductControllerTest" classname="TDW.Test.ACiencia.Controller.Product.ProductControllerTest" assertions="10" time="0.040211"/>
        <testcase name="testCGetProducts200Ok" file="C:\xampp\htdocs\apiAnalesCiencia\apiAnalesCiencia\tests\Controller\Product\ProductControllerTest.php" line="176" class="TDW\Test\ACiencia\Controller\Product\ProductControllerTest" classname="TDW.Test.ACiencia.Controller.Product.ProductControllerTest" assertions="5" time="0.020526"/>
        <testcase name="testCGetProducts304NotModified" file="C:\xampp\htdocs\apiAnalesCiencia\apiAnalesCiencia\tests\Controller\Product\ProductControllerTest.php" line="202" class="TDW\Test\ACiencia\Controller\Product\ProductControllerTest" classname="TDW.Test.ACiencia.Controller.Product.ProductControllerTest" assertions="1" time="0.032540"/>
        <testcase name="testGetProduct200Ok" file="C:\xampp\htdocs\apiAnalesCiencia\apiAnalesCiencia\tests\Controller\Product\ProductControllerTest.php" line="227" class="TDW\Test\ACiencia\Controller\Product\ProductControllerTest" classname="TDW.Test.ACiencia.Controller.Product.ProductControllerTest" assertions="4" time="0.028321"/>
        <testcase name="testGetProduct304NotModified" file="C:\xampp\htdocs\apiAnalesCiencia\apiAnalesCiencia\tests\Controller\Product\ProductControllerTest.php" line="255" class="TDW\Test\ACiencia\Controller\Product\ProductControllerTest" classname="TDW.Test.ACiencia.Controller.Product.ProductControllerTest" assertions="1" time="0.033703"/>
        <testcase name="testGetProductname204NoContent" file="C:\xampp\htdocs\apiAnalesCiencia\apiAnalesCiencia\tests\Controller\Product\ProductControllerTest.php" line="279" class="TDW\Test\ACiencia\Controller\Product\ProductControllerTest" classname="TDW.Test.ACiencia.Controller.Product.ProductControllerTest" assertions="2" time="0.027506"/>
        <testcase name="testPostProduct400BadRequest" file="C:\xampp\htdocs\apiAnalesCiencia\apiAnalesCiencia\tests\Controller\Product\ProductControllerTest.php" line="153" class="TDW\Test\ACiencia\Controller\Product\ProductControllerTest" classname="TDW.Test.ACiencia.Controller.Product.ProductControllerTest" assertions="6" time="0.030641"/>
        <testcase name="testPutProduct209Updated" file="C:\xampp\htdocs\apiAnalesCiencia\apiAnalesCiencia\tests\Controller\Product\ProductControllerTest.php" line="304" class="TDW\Test\ACiencia\Controller\Product\ProductControllerTest" classname="TDW.Test.ACiencia.Controller.Product.ProductControllerTest" assertions="9" time="0.036791"/>
        <testcase name="testPutProduct412PreconditionFailed" file="C:\xampp\htdocs\apiAnalesCiencia\apiAnalesCiencia\tests\Controller\Product\ProductControllerTest.php" line="381" class="TDW\Test\ACiencia\Controller\Product\ProductControllerTest" classname="TDW.Test.ACiencia.Controller.Product.ProductControllerTest" assertions="6" time="0.025234"/>
        <testcase name="testPutProduct400BadRequest" file="C:\xampp\htdocs\apiAnalesCiencia\apiAnalesCiencia\tests\Controller\Product\ProductControllerTest.php" line="345" class="TDW\Test\ACiencia\Controller\Product\ProductControllerTest" classname="TDW.Test.ACiencia.Controller.Product.ProductControllerTest" assertions="6" time="0.095546"/>
        <testcase name="testDeleteProduct204NoContent" file="C:\xampp\htdocs\apiAnalesCiencia\apiAnalesCiencia\tests\Controller\Product\ProductControllerTest.php" line="428" class="TDW\Test\ACiencia\Controller\Product\ProductControllerTest" classname="TDW.Test.ACiencia.Controller.Product.ProductControllerTest" assertions="2" time="0.032419"/>
        <testcase name="testGetProductname404NotFound" file="C:\xampp\htdocs\apiAnalesCiencia\apiAnalesCiencia\tests\Controller\Product\ProductControllerTest.php" line="450" class="TDW\Test\ACiencia\Controller\Product\ProductControllerTest" classname="TDW.Test.ACiencia.Controller.Product.ProductControllerTest" assertions="6" time="0.026569"/>
        <testsuite name="TDW\Test\ACiencia\Controller\Product\ProductControllerTest::testProductStatus404NotFound" tests="3" assertions="18" errors="0" failures="0" skipped="0" time="0.046324">
          <testcase name="testProductStatus404NotFound with data set &quot;getAction404&quot;" file="C:\xampp\htdocs\apiAnalesCiencia\apiAnalesCiencia\tests\Controller\Product\ProductControllerTest.php" line="470" class="TDW\Test\ACiencia\Controller\Product\ProductControllerTest" classname="TDW.Test.ACiencia.Controller.Product.ProductControllerTest" assertions="6" time="0.016018"/>
          <testcase name="testProductStatus404NotFound with data set &quot;deleteAction404&quot;" file="C:\xampp\htdocs\apiAnalesCiencia\apiAnalesCiencia\tests\Controller\Product\ProductControllerTest.php" line="470" class="TDW\Test\ACiencia\Controller\Product\ProductControllerTest" classname="TDW.Test.ACiencia.Controller.Product.ProductControllerTest" assertions="6" time="0.007420"/>
          <testcase name="testProductStatus404NotFound with data set &quot;putAction404&quot;" file="C:\xampp\htdocs\apiAnalesCiencia\apiAnalesCiencia\tests\Controller\Product\ProductControllerTest.php" line="470" class="TDW\Test\ACiencia\Controller\Product\ProductControllerTest" classname="TDW.Test.ACiencia.Controller.Product.ProductControllerTest" assertions="6" time="0.022886"/>
        </testsuite>
      </testsuite>
      <testsuite name="TDW\Test\ACiencia\Controller\Entity\EntityRelationsControllerTest" file="C:\xampp\htdocs\apiAnalesCiencia\apiAnalesCiencia\tests\Controller\Entity\EntityRelationsControllerTest.php" tests="27" assertions="137" errors="0" failures="0" skipped="0" time="2.336079">
        <testcase name="testAddPerson209" file="C:\xampp\htdocs\apiAnalesCiencia\apiAnalesCiencia\tests\Controller\Entity\EntityRelationsControllerTest.php" line="107" class="TDW\Test\ACiencia\Controller\Entity\EntityRelationsControllerTest" classname="TDW.Test.ACiencia.Controller.Entity.EntityRelationsControllerTest" assertions="2" time="0.129838"/>
        <testcase name="testGetPersons200OkWithElements" file="C:\xampp\htdocs\apiAnalesCiencia\apiAnalesCiencia\tests\Controller\Entity\EntityRelationsControllerTest.php" line="127" class="TDW\Test\ACiencia\Controller\Entity\EntityRelationsControllerTest" classname="TDW.Test.ACiencia.Controller.Entity.EntityRelationsControllerTest" assertions="4" time="0.121283"/>
        <testcase name="testRemovePerson209" file="C:\xampp\htdocs\apiAnalesCiencia\apiAnalesCiencia\tests\Controller\Entity\EntityRelationsControllerTest.php" line="153" class="TDW\Test\ACiencia\Controller\Entity\EntityRelationsControllerTest" classname="TDW.Test.ACiencia.Controller.Entity.EntityRelationsControllerTest" assertions="4" time="0.033646"/>
        <testcase name="testGetPersons200OkEmpty" file="C:\xampp\htdocs\apiAnalesCiencia\apiAnalesCiencia\tests\Controller\Entity\EntityRelationsControllerTest.php" line="176" class="TDW\Test\ACiencia\Controller\Entity\EntityRelationsControllerTest" classname="TDW.Test.ACiencia.Controller.Entity.EntityRelationsControllerTest" assertions="4" time="0.026477"/>
        <testsuite name="TDW\Test\ACiencia\Controller\Entity\EntityRelationsControllerTest::testEntityRelationshipErrors" tests="18" assertions="108" errors="0" failures="0" skipped="0" time="1.713819">
          <testcase name="testEntityRelationshipErrors with data set &quot;putRemovePerson403&quot;" file="C:\xampp\htdocs\apiAnalesCiencia\apiAnalesCiencia\tests\Controller\Entity\EntityRelationsControllerTest.php" line="292" class="TDW\Test\ACiencia\Controller\Entity\EntityRelationsControllerTest" classname="TDW.Test.ACiencia.Controller.Entity.EntityRelationsControllerTest" assertions="6" time="0.110016"/>
          <testcase name="testEntityRelationshipErrors with data set &quot;putRemovePerson401&quot;" file="C:\xampp\htdocs\apiAnalesCiencia\apiAnalesCiencia\tests\Controller\Entity\EntityRelationsControllerTest.php" line="292" class="TDW\Test\ACiencia\Controller\Entity\EntityRelationsControllerTest" classname="TDW.Test.ACiencia.Controller.Entity.EntityRelationsControllerTest" assertions="6" time="0.030176"/>
          <testcase name="testEntityRelationshipErrors with data set &quot;putRemoveProduct403&quot;" file="C:\xampp\htdocs\apiAnalesCiencia\apiAnalesCiencia\tests\Controller\Entity\EntityRelationsControllerTest.php" line="292" class="TDW\Test\ACiencia\Controller\Entity\EntityRelationsControllerTest" classname="TDW.Test.ACiencia.Controller.Entity.EntityRelationsControllerTest" assertions="6" time="0.101940"/>
          <testcase name="testEntityRelationshipErrors with data set &quot;putRemoveProduct401&quot;" file="C:\xampp\htdocs\apiAnalesCiencia\apiAnalesCiencia\tests\Controller\Entity\EntityRelationsControllerTest.php" line="292" class="TDW\Test\ACiencia\Controller\Entity\EntityRelationsControllerTest" classname="TDW.Test.ACiencia.Controller.Entity.EntityRelationsControllerTest" assertions="6" time="0.030133"/>
          <testcase name="testEntityRelationshipErrors with data set &quot;putAddPerson404&quot;" file="C:\xampp\htdocs\apiAnalesCiencia\apiAnalesCiencia\tests\Controller\Entity\EntityRelationsControllerTest.php" line="292" class="TDW\Test\ACiencia\Controller\Entity\EntityRelationsControllerTest" classname="TDW.Test.ACiencia.Controller.Entity.EntityRelationsControllerTest" assertions="6" time="0.116540"/>
          <testcase name="testEntityRelationshipErrors with data set &quot;putRemovePerson406&quot;" file="C:\xampp\htdocs\apiAnalesCiencia\apiAnalesCiencia\tests\Controller\Entity\EntityRelationsControllerTest.php" line="292" class="TDW\Test\ACiencia\Controller\Entity\EntityRelationsControllerTest" classname="TDW.Test.ACiencia.Controller.Entity.EntityRelationsControllerTest" assertions="6" time="0.126395"/>
          <testcase name="testEntityRelationshipErrors with data set &quot;putAddPerson406&quot;" file="C:\xampp\htdocs\apiAnalesCiencia\apiAnalesCiencia\tests\Controller\Entity\EntityRelationsControllerTest.php" line="292" class="TDW\Test\ACiencia\Controller\Entity\EntityRelationsControllerTest" classname="TDW.Test.ACiencia.Controller.Entity.EntityRelationsControllerTest" assertions="6" time="0.127324"/>
          <testcase name="testEntityRelationshipErrors with data set &quot;putRemovePerson404&quot;" file="C:\xampp\htdocs\apiAnalesCiencia\apiAnalesCiencia\tests\Controller\Entity\EntityRelationsControllerTest.php" line="292" class="TDW\Test\ACiencia\Controller\Entity\EntityRelationsControllerTest" classname="TDW.Test.ACiencia.Controller.Entity.EntityRelationsControllerTest" assertions="6" time="0.124080"/>
          <testcase name="testEntityRelationshipErrors with data set &quot;putAddProduct406&quot;" file="C:\xampp\htdocs\apiAnalesCiencia\apiAnalesCiencia\tests\Controller\Entity\EntityRelationsControllerTest.php" line="292" class="TDW\Test\ACiencia\Controller\Entity\EntityRelationsControllerTest" classname="TDW.Test.ACiencia.Controller.Entity.EntityRelationsControllerTest" assertions="6" time="0.130047"/>
          <testcase name="testEntityRelationshipErrors with data set &quot;putAddProduct404&quot;" file="C:\xampp\htdocs\apiAnalesCiencia\apiAnalesCiencia\tests\Controller\Entity\EntityRelationsControllerTest.php" line="292" class="TDW\Test\ACiencia\Controller\Entity\EntityRelationsControllerTest" classname="TDW.Test.ACiencia.Controller.Entity.EntityRelationsControllerTest" assertions="6" time="0.125309"/>
          <testcase name="testEntityRelationshipErrors with data set &quot;putAddProduct401&quot;" file="C:\xampp\htdocs\apiAnalesCiencia\apiAnalesCiencia\tests\Controller\Entity\EntityRelationsControllerTest.php" line="292" class="TDW\Test\ACiencia\Controller\Entity\EntityRelationsControllerTest" classname="TDW.Test.ACiencia.Controller.Entity.EntityRelationsControllerTest" assertions="6" time="0.019767"/>
          <testcase name="testEntityRelationshipErrors with data set &quot;putRemoveProduct406&quot;" file="C:\xampp\htdocs\apiAnalesCiencia\apiAnalesCiencia\tests\Controller\Entity\EntityRelationsControllerTest.php" line="292" class="TDW\Test\ACiencia\Controller\Entity\EntityRelationsControllerTest" classname="TDW.Test.ACiencia.Controller.Entity.EntityRelationsControllerTest" assertions="6" time="0.107045"/>
          <testcase name="testEntityRelationshipErrors with data set &quot;getPersons404&quot;" file="C:\xampp\htdocs\apiAnalesCiencia\apiAnalesCiencia\tests\Controller\Entity\EntityRelationsControllerTest.php" line="292" class="TDW\Test\ACiencia\Controller\Entity\EntityRelationsControllerTest" classname="TDW.Test.ACiencia.Controller.Entity.EntityRelationsControllerTest" assertions="6" time="0.124225"/>
          <testcase name="testEntityRelationshipErrors with data set &quot;putAddPerson401&quot;" file="C:\xampp\htdocs\apiAnalesCiencia\apiAnalesCiencia\tests\Controller\Entity\EntityRelationsControllerTest.php" line="292" class="TDW\Test\ACiencia\Controller\Entity\EntityRelationsControllerTest" classname="TDW.Test.ACiencia.Controller.Entity.EntityRelationsControllerTest" assertions="6" time="0.020529"/>
          <testcase name="testEntityRelationshipErrors with data set &quot;putAddPerson403&quot;" file="C:\xampp\htdocs\apiAnalesCiencia\apiAnalesCiencia\tests\Controller\Entity\EntityRelationsControllerTest.php" line="292" class="TDW\Test\ACiencia\Controller\Entity\EntityRelationsControllerTest" classname="TDW.Test.ACiencia.Controller.Entity.EntityRelationsControllerTest" assertions="6" time="0.115002"/>
          <testcase name="testEntityRelationshipErrors with data set &quot;putRemoveProduct404&quot;" file="C:\xampp\htdocs\apiAnalesCiencia\apiAnalesCiencia\tests\Controller\Entity\EntityRelationsControllerTest.php" line="292" class="TDW\Test\ACiencia\Controller\Entity\EntityRelationsControllerTest" classname="TDW.Test.ACiencia.Controller.Entity.EntityRelationsControllerTest" assertions="6" time="0.100427"/>
          <testcase name="testEntityRelationshipErrors with data set &quot;getProducts404&quot;" file="C:\xampp\htdocs\apiAnalesCiencia\apiAnalesCiencia\tests\Controller\Entity\EntityRelationsControllerTest.php" line="292" class="TDW\Test\ACiencia\Controller\Entity\EntityRelationsControllerTest" classname="TDW.Test.ACiencia.Controller.Entity.EntityRelationsControllerTest" assertions="6" time="0.110460"/>
          <testcase name="testEntityRelationshipErrors with data set &quot;putAddProduct403&quot;" file="C:\xampp\htdocs\apiAnalesCiencia\apiAnalesCiencia\tests\Controller\Entity\EntityRelationsControllerTest.php" line="292" class="TDW\Test\ACiencia\Controller\Entity\EntityRelationsControllerTest" classname="TDW.Test.ACiencia.Controller.Entity.EntityRelationsControllerTest" assertions="6" time="0.094403"/>
        </testsuite>
        <testcase name="testAddProduct209" file="C:\xampp\htdocs\apiAnalesCiencia\apiAnalesCiencia\tests\Controller\Entity\EntityRelationsControllerTest.php" line="198" class="TDW\Test\ACiencia\Controller\Entity\EntityRelationsControllerTest" classname="TDW.Test.ACiencia.Controller.Entity.EntityRelationsControllerTest" assertions="2" time="0.126763"/>
        <testcase name="testGetProducts200OkWithElements" file="C:\xampp\htdocs\apiAnalesCiencia\apiAnalesCiencia\tests\Controller\Entity\EntityRelationsControllerTest.php" line="218" class="TDW\Test\ACiencia\Controller\Entity\EntityRelationsControllerTest" classname="TDW.Test.ACiencia.Controller.Entity.EntityRelationsControllerTest" assertions="4" time="0.123307"/>
        <testcase name="testRemoveProduct209" file="C:\xampp\htdocs\apiAnalesCiencia\apiAnalesCiencia\tests\Controller\Entity\EntityRelationsControllerTest.php" line="244" class="TDW\Test\ACiencia\Controller\Entity\EntityRelationsControllerTest" classname="TDW.Test.ACiencia.Controller.Entity.EntityRelationsControllerTest" assertions="4" time="0.035614"/>
        <testcase name="testGetProducts200OkEmpty" file="C:\xampp\htdocs\apiAnalesCiencia\apiAnalesCiencia\tests\Controller\Entity\EntityRelationsControllerTest.php" line="267" class="TDW\Test\ACiencia\Controller\Entity\EntityRelationsControllerTest" classname="TDW.Test.ACiencia.Controller.Entity.EntityRelationsControllerTest" assertions="4" time="0.025184"/>
        <testcase name="testGetEntitiesTag" file="C:\xampp\htdocs\apiAnalesCiencia\apiAnalesCiencia\tests\Controller\Entity\EntityRelationsControllerTest.php" line="93" class="TDW\Test\ACiencia\Controller\Entity\EntityRelationsControllerTest" classname="TDW.Test.ACiencia.Controller.Entity.EntityRelationsControllerTest" assertions="1" time="0.000148"/>
      </testsuite>
      <testsuite name="TDW\Test\ACiencia\Entity\UserTest" file="C:\xampp\htdocs\apiAnalesCiencia\apiAnalesCiencia\tests\Entity\UserTest.php" tests="10" assertions="27" errors="0" failures="0" skipped="0" time="0.389001">
        <testcase name="testRoleExpectInvalidArgumentException" file="C:\xampp\htdocs\apiAnalesCiencia\apiAnalesCiencia\tests\Entity\UserTest.php" line="100" class="TDW\Test\ACiencia\Entity\UserTest" classname="TDW.Test.ACiencia.Entity.UserTest" assertions="1" time="0.001431"/>
        <testcase name="testRoles" file="C:\xampp\htdocs\apiAnalesCiencia\apiAnalesCiencia\tests\Entity\UserTest.php" line="86" class="TDW\Test\ACiencia\Entity\UserTest" classname="TDW.Test.ACiencia.Entity.UserTest" assertions="7" time="0.000242"/>
        <testcase name="testJsonSerialize" file="C:\xampp\htdocs\apiAnalesCiencia\apiAnalesCiencia\tests\Entity\UserTest.php" line="124" class="TDW\Test\ACiencia\Entity\UserTest" classname="TDW.Test.ACiencia.Entity.UserTest" assertions="4" time="0.000090"/>
        <testcase name="testConstructorInvalidArgumentException" file="C:\xampp\htdocs\apiAnalesCiencia\apiAnalesCiencia\tests\Entity\UserTest.php" line="56" class="TDW\Test\ACiencia\Entity\UserTest" classname="TDW.Test.ACiencia.Entity.UserTest" assertions="1" time="0.063861"/>
        <testcase name="testGetSetEmail" file="C:\xampp\htdocs\apiAnalesCiencia\apiAnalesCiencia\tests\Entity\UserTest.php" line="78" class="TDW\Test\ACiencia\Entity\UserTest" classname="TDW.Test.ACiencia.Entity.UserTest" assertions="2" time="0.000196"/>
        <testcase name="testConstructorOK" file="C:\xampp\htdocs\apiAnalesCiencia\apiAnalesCiencia\tests\Entity\UserTest.php" line="42" class="TDW\Test\ACiencia\Entity\UserTest" classname="TDW.Test.ACiencia.Entity.UserTest" assertions="6" time="0.126883"/>
        <testcase name="testGetSetValidatePassword" file="C:\xampp\htdocs\apiAnalesCiencia\apiAnalesCiencia\tests\Entity\UserTest.php" line="106" class="TDW\Test\ACiencia\Entity\UserTest" classname="TDW.Test.ACiencia.Entity.UserTest" assertions="2" time="0.195980"/>
        <testcase name="testGetId" file="C:\xampp\htdocs\apiAnalesCiencia\apiAnalesCiencia\tests\Entity\UserTest.php" line="62" class="TDW\Test\ACiencia\Entity\UserTest" classname="TDW.Test.ACiencia.Entity.UserTest" assertions="1" time="0.000092"/>
        <testcase name="testGetSetUsername" file="C:\xampp\htdocs\apiAnalesCiencia\apiAnalesCiencia\tests\Entity\UserTest.php" line="70" class="TDW\Test\ACiencia\Entity\UserTest" classname="TDW.Test.ACiencia.Entity.UserTest" assertions="2" time="0.000123"/>
        <testcase name="testToString" file="C:\xampp\htdocs\apiAnalesCiencia\apiAnalesCiencia\tests\Entity\UserTest.php" line="117" class="TDW\Test\ACiencia\Entity\UserTest" classname="TDW.Test.ACiencia.Entity.UserTest" assertions="1" time="0.000104"/>
      </testsuite>
      <testsuite name="TDW\Test\ACiencia\Entity\EntityTest" file="C:\xampp\htdocs\apiAnalesCiencia\apiAnalesCiencia\tests\Entity\EntityTest.php" tests="11" assertions="26" errors="0" failures="0" skipped="0" time="0.001595">
        <testcase name="testGetAddContainsRemovePersons" file="C:\xampp\htdocs\apiAnalesCiencia\apiAnalesCiencia\tests\Entity\EntityTest.php" line="112" class="TDW\Test\ACiencia\Entity\EntityTest" classname="TDW.Test.ACiencia.Entity.EntityTest" assertions="6" time="0.000137"/>
        <testcase name="testGetSetWikiUrl" file="C:\xampp\htdocs\apiAnalesCiencia\apiAnalesCiencia\tests\Entity\EntityTest.php" line="102" class="TDW\Test\ACiencia\Entity\EntityTest" classname="TDW.Test.ACiencia.Entity.EntityTest" assertions="1" time="0.000094"/>
        <testcase name="testGetId" file="C:\xampp\htdocs\apiAnalesCiencia\apiAnalesCiencia\tests\Entity\EntityTest.php" line="57" class="TDW\Test\ACiencia\Entity\EntityTest" classname="TDW.Test.ACiencia.Entity.EntityTest" assertions="1" time="0.000081"/>
        <testcase name="testGetSetBirthDate" file="C:\xampp\htdocs\apiAnalesCiencia\apiAnalesCiencia\tests\Entity\EntityTest.php" line="72" class="TDW\Test\ACiencia\Entity\EntityTest" classname="TDW.Test.ACiencia.Entity.EntityTest" assertions="1" time="0.000157"/>
        <testcase name="testGetSetDeathDate" file="C:\xampp\htdocs\apiAnalesCiencia\apiAnalesCiencia\tests\Entity\EntityTest.php" line="82" class="TDW\Test\ACiencia\Entity\EntityTest" classname="TDW.Test.ACiencia.Entity.EntityTest" assertions="1" time="0.000072"/>
        <testcase name="testJsonSerialize" file="C:\xampp\htdocs\apiAnalesCiencia\apiAnalesCiencia\tests\Entity\EntityTest.php" line="168" class="TDW\Test\ACiencia\Entity\EntityTest" classname="TDW.Test.ACiencia.Entity.EntityTest" assertions="1" time="0.000090"/>
        <testcase name="testGetSetImageUrl" file="C:\xampp\htdocs\apiAnalesCiencia\apiAnalesCiencia\tests\Entity\EntityTest.php" line="92" class="TDW\Test\ACiencia\Entity\EntityTest" classname="TDW.Test.ACiencia.Entity.EntityTest" assertions="1" time="0.000083"/>
        <testcase name="testGetAddContainsRemoveProducts" file="C:\xampp\htdocs\apiAnalesCiencia\apiAnalesCiencia\tests\Entity\EntityTest.php" line="129" class="TDW\Test\ACiencia\Entity\EntityTest" classname="TDW.Test.ACiencia.Entity.EntityTest" assertions="6" time="0.000100"/>
        <testcase name="testGetSetEntityName" file="C:\xampp\htdocs\apiAnalesCiencia\apiAnalesCiencia\tests\Entity\EntityTest.php" line="62" class="TDW\Test\ACiencia\Entity\EntityTest" classname="TDW.Test.ACiencia.Entity.EntityTest" assertions="1" time="0.000080"/>
        <testcase name="testToString" file="C:\xampp\htdocs\apiAnalesCiencia\apiAnalesCiencia\tests\Entity\EntityTest.php" line="146" class="TDW\Test\ACiencia\Entity\EntityTest" classname="TDW.Test.ACiencia.Entity.EntityTest" assertions="3" time="0.000563"/>
        <testcase name="testConstructor" file="C:\xampp\htdocs\apiAnalesCiencia\apiAnalesCiencia\tests\Entity\EntityTest.php" line="44" class="TDW\Test\ACiencia\Entity\EntityTest" classname="TDW.Test.ACiencia.Entity.EntityTest" assertions="4" time="0.000136"/>
      </testsuite>
      <testsuite name="TDW\Test\ACiencia\Controller\User\UserControllerTest" file="C:\xampp\htdocs\apiAnalesCiencia\apiAnalesCiencia\tests\Controller\User\UserControllerTest.php" tests="30" assertions="185" errors="0" failures="0" skipped="0" time="1.236820">
        <testcase name="testOptionsUser204NoContent" file="C:\xampp\htdocs\apiAnalesCiencia\apiAnalesCiencia\tests\Controller\User\UserControllerTest.php" line="75" class="TDW\Test\ACiencia\Controller\User\UserControllerTest" classname="TDW.Test.ACiencia.Controller.User.UserControllerTest" assertions="6" time="0.007775"/>
        <testsuite name="TDW\Test\ACiencia\Controller\User\UserControllerTest::testUserStatus403Forbidden" tests="3" assertions="18" errors="0" failures="0" skipped="0" time="0.301144">
          <testcase name="testUserStatus403Forbidden with data set &quot;postAction403&quot;" file="C:\xampp\htdocs\apiAnalesCiencia\apiAnalesCiencia\tests\Controller\User\UserControllerTest.php" line="573" class="TDW\Test\ACiencia\Controller\User\UserControllerTest" classname="TDW.Test.ACiencia.Controller.User.UserControllerTest" assertions="6" time="0.100877"/>
          <testcase name="testUserStatus403Forbidden with data set &quot;putAction403&quot;" file="C:\xampp\htdocs\apiAnalesCiencia\apiAnalesCiencia\tests\Controller\User\UserControllerTest.php" line="573" class="TDW\Test\ACiencia\Controller\User\UserControllerTest" classname="TDW.Test.ACiencia.Controller.User.UserControllerTest" assertions="6" time="0.105459"/>
          <testcase name="testUserStatus403Forbidden with data set &quot;deleteAction403&quot;" file="C:\xampp\htdocs\apiAnalesCiencia\apiAnalesCiencia\tests\Controller\User\UserControllerTest.php" line="573" class="TDW\Test\ACiencia\Controller\User\UserControllerTest" classname="TDW.Test.ACiencia.Controller.User.UserControllerTest" assertions="6" time="0.094807"/>
        </testsuite>
        <testsuite name="TDW\Test\ACiencia\Controller\User\UserControllerTest::testUserStatus401Unauthorized" tests="5" assertions="30" errors="0" failures="0" skipped="0" time="0.023765">
          <testcase name="testUserStatus401Unauthorized with data set &quot;getAction401&quot;" file="C:\xampp\htdocs\apiAnalesCiencia\apiAnalesCiencia\tests\Controller\User\UserControllerTest.php" line="523" class="TDW\Test\ACiencia\Controller\User\UserControllerTest" classname="TDW.Test.ACiencia.Controller.User.UserControllerTest" assertions="6" time="0.010230"/>
          <testcase name="testUserStatus401Unauthorized with data set &quot;cgetAction401&quot;" file="C:\xampp\htdocs\apiAnalesCiencia\apiAnalesCiencia\tests\Controller\User\UserControllerTest.php" line="523" class="TDW\Test\ACiencia\Controller\User\UserControllerTest" classname="TDW.Test.ACiencia.Controller.User.UserControllerTest" assertions="6" time="0.003796"/>
          <testcase name="testUserStatus401Unauthorized with data set &quot;postAction401&quot;" file="C:\xampp\htdocs\apiAnalesCiencia\apiAnalesCiencia\tests\Controller\User\UserControllerTest.php" line="523" class="TDW\Test\ACiencia\Controller\User\UserControllerTest" classname="TDW.Test.ACiencia.Controller.User.UserControllerTest" assertions="6" time="0.003529"/>
          <testcase name="testUserStatus401Unauthorized with data set &quot;deleteAction401&quot;" file="C:\xampp\htdocs\apiAnalesCiencia\apiAnalesCiencia\tests\Controller\User\UserControllerTest.php" line="523" class="TDW\Test\ACiencia\Controller\User\UserControllerTest" classname="TDW.Test.ACiencia.Controller.User.UserControllerTest" assertions="6" time="0.003051"/>
          <testcase name="testUserStatus401Unauthorized with data set &quot;putAction401&quot;" file="C:\xampp\htdocs\apiAnalesCiencia\apiAnalesCiencia\tests\Controller\User\UserControllerTest.php" line="523" class="TDW\Test\ACiencia\Controller\User\UserControllerTest" classname="TDW.Test.ACiencia.Controller.User.UserControllerTest" assertions="6" time="0.003160"/>
        </testsuite>
        <testcase name="testPostUser201Created" file="C:\xampp\htdocs\apiAnalesCiencia\apiAnalesCiencia\tests\Controller\User\UserControllerTest.php" line="103" class="TDW\Test\ACiencia\Controller\User\UserControllerTest" classname="TDW.Test.ACiencia.Controller.User.UserControllerTest" assertions="7" time="0.193822"/>
        <testcase name="testGetUser200Ok" file="C:\xampp\htdocs\apiAnalesCiencia\apiAnalesCiencia\tests\Controller\User\UserControllerTest.php" line="282" class="TDW\Test\ACiencia\Controller\User\UserControllerTest" classname="TDW.Test.ACiencia.Controller.User.UserControllerTest" assertions="4" time="0.024971"/>
        <testcase name="testCGetAllUsers200Ok" file="C:\xampp\htdocs\apiAnalesCiencia\apiAnalesCiencia\tests\Controller\User\UserControllerTest.php" line="227" class="TDW\Test\ACiencia\Controller\User\UserControllerTest" classname="TDW.Test.ACiencia.Controller.User.UserControllerTest" assertions="6" time="0.027578"/>
        <testcase name="testGetUser304NotModified" file="C:\xampp\htdocs\apiAnalesCiencia\apiAnalesCiencia\tests\Controller\User\UserControllerTest.php" line="316" class="TDW\Test\ACiencia\Controller\User\UserControllerTest" classname="TDW.Test.ACiencia.Controller.User.UserControllerTest" assertions="1" time="0.030655"/>
        <testsuite name="TDW\Test\ACiencia\Controller\User\UserControllerTest::testPostUser422UnprocessableEntity" tests="6" assertions="36" errors="0" failures="0" skipped="0" time="0.034939">
          <testcase name="testPostUser422UnprocessableEntity with data set &quot;no_email&quot;" file="C:\xampp\htdocs\apiAnalesCiencia\apiAnalesCiencia\tests\Controller\User\UserControllerTest.php" line="145" class="TDW\Test\ACiencia\Controller\User\UserControllerTest" classname="TDW.Test.ACiencia.Controller.User.UserControllerTest" assertions="6" time="0.006493"/>
          <testcase name="testPostUser422UnprocessableEntity with data set &quot;no_username&quot;" file="C:\xampp\htdocs\apiAnalesCiencia\apiAnalesCiencia\tests\Controller\User\UserControllerTest.php" line="145" class="TDW\Test\ACiencia\Controller\User\UserControllerTest" classname="TDW.Test.ACiencia.Controller.User.UserControllerTest" assertions="6" time="0.005886"/>
          <testcase name="testPostUser422UnprocessableEntity with data set &quot;no_us_pa&quot;" file="C:\xampp\htdocs\apiAnalesCiencia\apiAnalesCiencia\tests\Controller\User\UserControllerTest.php" line="145" class="TDW\Test\ACiencia\Controller\User\UserControllerTest" classname="TDW.Test.ACiencia.Controller.User.UserControllerTest" assertions="6" time="0.005124"/>
          <testcase name="testPostUser422UnprocessableEntity with data set &quot;no_em_pa&quot;" file="C:\xampp\htdocs\apiAnalesCiencia\apiAnalesCiencia\tests\Controller\User\UserControllerTest.php" line="145" class="TDW\Test\ACiencia\Controller\User\UserControllerTest" classname="TDW.Test.ACiencia.Controller.User.UserControllerTest" assertions="6" time="0.005736"/>
          <testcase name="testPostUser422UnprocessableEntity with data set &quot;empty_data&quot;" file="C:\xampp\htdocs\apiAnalesCiencia\apiAnalesCiencia\tests\Controller\User\UserControllerTest.php" line="145" class="TDW\Test\ACiencia\Controller\User\UserControllerTest" classname="TDW.Test.ACiencia.Controller.User.UserControllerTest" assertions="6" time="0.005773"/>
          <testcase name="testPostUser422UnprocessableEntity with data set &quot;no_passwd&quot;" file="C:\xampp\htdocs\apiAnalesCiencia\apiAnalesCiencia\tests\Controller\User\UserControllerTest.php" line="145" class="TDW\Test\ACiencia\Controller\User\UserControllerTest" classname="TDW.Test.ACiencia.Controller.User.UserControllerTest" assertions="6" time="0.005928"/>
        </testsuite>
        <testcase name="testPostUser400BadRequest" file="C:\xampp\htdocs\apiAnalesCiencia\apiAnalesCiencia\tests\Controller\User\UserControllerTest.php" line="170" class="TDW\Test\ACiencia\Controller\User\UserControllerTest" classname="TDW.Test.ACiencia.Controller.User.UserControllerTest" assertions="18" time="0.150448"/>
        <testcase name="testGetUsername204NoContent" file="C:\xampp\htdocs\apiAnalesCiencia\apiAnalesCiencia\tests\Controller\User\UserControllerTest.php" line="342" class="TDW\Test\ACiencia\Controller\User\UserControllerTest" classname="TDW.Test.ACiencia.Controller.User.UserControllerTest" assertions="2" time="0.016853"/>
        <testcase name="testCGetAllUsers304NotModified" file="C:\xampp\htdocs\apiAnalesCiencia\apiAnalesCiencia\tests\Controller\User\UserControllerTest.php" line="256" class="TDW\Test\ACiencia\Controller\User\UserControllerTest" classname="TDW.Test.ACiencia.Controller.User.UserControllerTest" assertions="1" time="0.031510"/>
        <testcase name="testPutUser209Updated" file="C:\xampp\htdocs\apiAnalesCiencia\apiAnalesCiencia\tests\Controller\User\UserControllerTest.php" line="373" class="TDW\Test\ACiencia\Controller\User\UserControllerTest" classname="TDW.Test.ACiencia.Controller.User.UserControllerTest" assertions="6" time="0.110549"/>
        <testcase name="testPutUser412PreconditionFailed" file="C:\xampp\htdocs\apiAnalesCiencia\apiAnalesCiencia\tests\Controller\User\UserControllerTest.php" line="450" class="TDW\Test\ACiencia\Controller\User\UserControllerTest" classname="TDW.Test.ACiencia.Controller.User.UserControllerTest" assertions="6" time="0.030253"/>
        <testcase name="testPutUser400BadRequest" file="C:\xampp\htdocs\apiAnalesCiencia\apiAnalesCiencia\tests\Controller\User\UserControllerTest.php" line="415" class="TDW\Test\ACiencia\Controller\User\UserControllerTest" classname="TDW.Test.ACiencia.Controller.User.UserControllerTest" assertions="18" time="0.123092"/>
        <testcase name="testDeleteUser204NoContent" file="C:\xampp\htdocs\apiAnalesCiencia\apiAnalesCiencia\tests\Controller\User\UserControllerTest.php" line="474" class="TDW\Test\ACiencia\Controller\User\UserControllerTest" classname="TDW.Test.ACiencia.Controller.User.UserControllerTest" assertions="2" time="0.032593"/>
        <testcase name="testGetUsername404NotFound" file="C:\xampp\htdocs\apiAnalesCiencia\apiAnalesCiencia\tests\Controller\User\UserControllerTest.php" line="497" class="TDW\Test\ACiencia\Controller\User\UserControllerTest" classname="TDW.Test.ACiencia.Controller.User.UserControllerTest" assertions="6" time="0.027528"/>
        <testsuite name="TDW\Test\ACiencia\Controller\User\UserControllerTest::testUserStatus404NotFound" tests="3" assertions="18" errors="0" failures="0" skipped="0" time="0.069345">
          <testcase name="testUserStatus404NotFound with data set &quot;getAction404&quot;" file="C:\xampp\htdocs\apiAnalesCiencia\apiAnalesCiencia\tests\Controller\User\UserControllerTest.php" line="547" class="TDW\Test\ACiencia\Controller\User\UserControllerTest" classname="TDW.Test.ACiencia.Controller.User.UserControllerTest" assertions="6" time="0.031560"/>
          <testcase name="testUserStatus404NotFound with data set &quot;deleteAction404&quot;" file="C:\xampp\htdocs\apiAnalesCiencia\apiAnalesCiencia\tests\Controller\User\UserControllerTest.php" line="547" class="TDW\Test\ACiencia\Controller\User\UserControllerTest" classname="TDW.Test.ACiencia.Controller.User.UserControllerTest" assertions="6" time="0.028913"/>
          <testcase name="testUserStatus404NotFound with data set &quot;putAction404&quot;" file="C:\xampp\htdocs\apiAnalesCiencia\apiAnalesCiencia\tests\Controller\User\UserControllerTest.php" line="547" class="TDW\Test\ACiencia\Controller\User\UserControllerTest" classname="TDW.Test.ACiencia.Controller.User.UserControllerTest" assertions="6" time="0.008872"/>
        </testsuite>
      </testsuite>
      <testsuite name="TDW\Test\ACiencia\Auth\JwtAuthTest" file="C:\xampp\htdocs\apiAnalesCiencia\apiAnalesCiencia\tests\Auth\JwtAuthTest.php" tests="5" assertions="15" errors="0" failures="0" skipped="0" time="0.078445">
        <testcase name="testCreateJwt" file="C:\xampp\htdocs\apiAnalesCiencia\apiAnalesCiencia\tests\Auth\JwtAuthTest.php" line="69" class="TDW\Test\ACiencia\Auth\JwtAuthTest" classname="TDW.Test.ACiencia.Auth.JwtAuthTest" assertions="5" time="0.073763"/>
        <testcase name="testValidateTokenOK" file="C:\xampp\htdocs\apiAnalesCiencia\apiAnalesCiencia\tests\Auth\JwtAuthTest.php" line="121" class="TDW\Test\ACiencia\Auth\JwtAuthTest" classname="TDW.Test.ACiencia.Auth.JwtAuthTest" assertions="2" time="0.001857"/>
        <testcase name="testValidateTokenNotOk" file="C:\xampp\htdocs\apiAnalesCiencia\apiAnalesCiencia\tests\Auth\JwtAuthTest.php" line="134" class="TDW\Test\ACiencia\Auth\JwtAuthTest" classname="TDW.Test.ACiencia.Auth.JwtAuthTest" assertions="1" time="0.002302"/>
        <testcase name="testCreateParsedToken" file="C:\xampp\htdocs\apiAnalesCiencia\apiAnalesCiencia\tests\Auth\JwtAuthTest.php" line="97" class="TDW\Test\ACiencia\Auth\JwtAuthTest" classname="TDW.Test.ACiencia.Auth.JwtAuthTest" assertions="6" time="0.000336"/>
        <testcase name="testGetLifetime" file="C:\xampp\htdocs\apiAnalesCiencia\apiAnalesCiencia\tests\Auth\JwtAuthTest.php" line="56" class="TDW\Test\ACiencia\Auth\JwtAuthTest" classname="TDW.Test.ACiencia.Auth.JwtAuthTest" assertions="1" time="0.000187"/>
      </testsuite>
      <testsuite name="TDW\Test\ACiencia\Controller\LoginControllerTest" file="C:\xampp\htdocs\apiAnalesCiencia\apiAnalesCiencia\tests\Controller\LoginControllerTest.php" tests="19" assertions="115" errors="0" failures="0" skipped="0" time="1.273691">
        <testcase name="testPostLogin200OkApplicationJson" file="C:\xampp\htdocs\apiAnalesCiencia\apiAnalesCiencia\tests\Controller\LoginControllerTest.php" line="127" class="TDW\Test\ACiencia\Controller\LoginControllerTest" classname="TDW.Test.ACiencia.Controller.LoginControllerTest" assertions="7" time="0.078123"/>
        <testcase name="testPostLogin200OkUrlEncoded" file="C:\xampp\htdocs\apiAnalesCiencia\apiAnalesCiencia\tests\Controller\LoginControllerTest.php" line="99" class="TDW\Test\ACiencia\Controller\LoginControllerTest" classname="TDW.Test.ACiencia.Controller.LoginControllerTest" assertions="7" time="0.083896"/>
        <testsuite name="TDW\Test\ACiencia\Controller\LoginControllerTest::testLoginWithScopes200Ok" tests="11" assertions="77" errors="0" failures="0" skipped="0" time="1.058064">
          <testcase name="testLoginWithScopes200Ok with data set &quot;writer rw w&quot;" file="C:\xampp\htdocs\apiAnalesCiencia\apiAnalesCiencia\tests\Controller\LoginControllerTest.php" line="159" class="TDW\Test\ACiencia\Controller\LoginControllerTest" classname="TDW.Test.ACiencia.Controller.LoginControllerTest" assertions="7" time="0.099048"/>
          <testcase name="testLoginWithScopes200Ok with data set &quot;writer r- r&quot;" file="C:\xampp\htdocs\apiAnalesCiencia\apiAnalesCiencia\tests\Controller\LoginControllerTest.php" line="159" class="TDW\Test\ACiencia\Controller\LoginControllerTest" classname="TDW.Test.ACiencia.Controller.LoginControllerTest" assertions="7" time="0.094915"/>
          <testcase name="testLoginWithScopes200Ok with data set &quot;writer -- r&quot;" file="C:\xampp\htdocs\apiAnalesCiencia\apiAnalesCiencia\tests\Controller\LoginControllerTest.php" line="159" class="TDW\Test\ACiencia\Controller\LoginControllerTest" classname="TDW.Test.ACiencia.Controller.LoginControllerTest" assertions="7" time="0.092532"/>
          <testcase name="testLoginWithScopes200Ok with data set &quot;reader r- r&quot;" file="C:\xampp\htdocs\apiAnalesCiencia\apiAnalesCiencia\tests\Controller\LoginControllerTest.php" line="159" class="TDW\Test\ACiencia\Controller\LoginControllerTest" classname="TDW.Test.ACiencia.Controller.LoginControllerTest" assertions="7" time="0.094670"/>
          <testcase name="testLoginWithScopes200Ok with data set &quot;reader rw r&quot;" file="C:\xampp\htdocs\apiAnalesCiencia\apiAnalesCiencia\tests\Controller\LoginControllerTest.php" line="159" class="TDW\Test\ACiencia\Controller\LoginControllerTest" classname="TDW.Test.ACiencia.Controller.LoginControllerTest" assertions="7" time="0.096295"/>
          <testcase name="testLoginWithScopes200Ok with data set &quot;writer -- w&quot;" file="C:\xampp\htdocs\apiAnalesCiencia\apiAnalesCiencia\tests\Controller\LoginControllerTest.php" line="159" class="TDW\Test\ACiencia\Controller\LoginControllerTest" classname="TDW.Test.ACiencia.Controller.LoginControllerTest" assertions="7" time="0.092483"/>
          <testcase name="testLoginWithScopes200Ok with data set &quot;writer -w w&quot;" file="C:\xampp\htdocs\apiAnalesCiencia\apiAnalesCiencia\tests\Controller\LoginControllerTest.php" line="159" class="TDW\Test\ACiencia\Controller\LoginControllerTest" classname="TDW.Test.ACiencia.Controller.LoginControllerTest" assertions="7" time="0.092820"/>
          <testcase name="testLoginWithScopes200Ok with data set &quot;reader -- r&quot;" file="C:\xampp\htdocs\apiAnalesCiencia\apiAnalesCiencia\tests\Controller\LoginControllerTest.php" line="159" class="TDW\Test\ACiencia\Controller\LoginControllerTest" classname="TDW.Test.ACiencia.Controller.LoginControllerTest" assertions="7" time="0.097597"/>
          <testcase name="testLoginWithScopes200Ok with data set &quot;writer rw r&quot;" file="C:\xampp\htdocs\apiAnalesCiencia\apiAnalesCiencia\tests\Controller\LoginControllerTest.php" line="159" class="TDW\Test\ACiencia\Controller\LoginControllerTest" classname="TDW.Test.ACiencia.Controller.LoginControllerTest" assertions="7" time="0.093856"/>
          <testcase name="testLoginWithScopes200Ok with data set &quot;reader -w r&quot;" file="C:\xampp\htdocs\apiAnalesCiencia\apiAnalesCiencia\tests\Controller\LoginControllerTest.php" line="159" class="TDW\Test\ACiencia\Controller\LoginControllerTest" classname="TDW.Test.ACiencia.Controller.LoginControllerTest" assertions="7" time="0.111107"/>
          <testcase name="testLoginWithScopes200Ok with data set &quot;writer -w r&quot;" file="C:\xampp\htdocs\apiAnalesCiencia\apiAnalesCiencia\tests\Controller\LoginControllerTest.php" line="159" class="TDW\Test\ACiencia\Controller\LoginControllerTest" classname="TDW.Test.ACiencia.Controller.LoginControllerTest" assertions="7" time="0.092741"/>
        </testsuite>
        <testsuite name="TDW\Test\ACiencia\Controller\LoginControllerTest::testPostLogin404NotFound" tests="6" assertions="24" errors="0" failures="0" skipped="0" time="0.053607">
          <testcase name="testPostLogin404NotFound with data set &quot;no_password&quot;" file="C:\xampp\htdocs\apiAnalesCiencia\apiAnalesCiencia\tests\Controller\LoginControllerTest.php" line="78" class="TDW\Test\ACiencia\Controller\LoginControllerTest" classname="TDW.Test.ACiencia.Controller.LoginControllerTest" assertions="4" time="0.004387"/>
          <testcase name="testPostLogin404NotFound with data set &quot;incorrect_username&quot;" file="C:\xampp\htdocs\apiAnalesCiencia\apiAnalesCiencia\tests\Controller\LoginControllerTest.php" line="78" class="TDW\Test\ACiencia\Controller\LoginControllerTest" classname="TDW.Test.ACiencia.Controller.LoginControllerTest" assertions="4" time="0.007167"/>
          <testcase name="testPostLogin404NotFound with data set &quot;incorrect_passwd&quot;" file="C:\xampp\htdocs\apiAnalesCiencia\apiAnalesCiencia\tests\Controller\LoginControllerTest.php" line="78" class="TDW\Test\ACiencia\Controller\LoginControllerTest" classname="TDW.Test.ACiencia.Controller.LoginControllerTest" assertions="4" time="0.029004"/>
          <testcase name="testPostLogin404NotFound with data set &quot;no_data&quot;" file="C:\xampp\htdocs\apiAnalesCiencia\apiAnalesCiencia\tests\Controller\LoginControllerTest.php" line="78" class="TDW\Test\ACiencia\Controller\LoginControllerTest" classname="TDW.Test.ACiencia.Controller.LoginControllerTest" assertions="4" time="0.004065"/>
          <testcase name="testPostLogin404NotFound with data set &quot;empty_user&quot;" file="C:\xampp\htdocs\apiAnalesCiencia\apiAnalesCiencia\tests\Controller\LoginControllerTest.php" line="78" class="TDW\Test\ACiencia\Controller\LoginControllerTest" classname="TDW.Test.ACiencia.Controller.LoginControllerTest" assertions="4" time="0.004607"/>
          <testcase name="testPostLogin404NotFound with data set &quot;no_username&quot;" file="C:\xampp\htdocs\apiAnalesCiencia\apiAnalesCiencia\tests\Controller\LoginControllerTest.php" line="78" class="TDW\Test\ACiencia\Controller\LoginControllerTest" classname="TDW.Test.ACiencia.Controller.LoginControllerTest" assertions="4" time="0.004377"/>
        </testsuite>
      </testsuite>
      <testsuite name="TDW\Test\ACiencia\Controller\Person\PersonRelationsControllerTest" file="C:\xampp\htdocs\apiAnalesCiencia\apiAnalesCiencia\tests\Controller\Person\PersonRelationsControllerTest.php" tests="27" assertions="137" errors="0" failures="0" skipped="0" time="2.314891">
        <testcase name="testAddEntity209" file="C:\xampp\htdocs\apiAnalesCiencia\apiAnalesCiencia\tests\Controller\Person\PersonRelationsControllerTest.php" line="107" class="TDW\Test\ACiencia\Controller\Person\PersonRelationsControllerTest" classname="TDW.Test.ACiencia.Controller.Person.PersonRelationsControllerTest" assertions="2" time="0.126356"/>
        <testcase name="testAddProduct209" file="C:\xampp\htdocs\apiAnalesCiencia\apiAnalesCiencia\tests\Controller\Person\PersonRelationsControllerTest.php" line="198" class="TDW\Test\ACiencia\Controller\Person\PersonRelationsControllerTest" classname="TDW.Test.ACiencia.Controller.Person.PersonRelationsControllerTest" assertions="2" time="0.126442"/>
        <testcase name="testGetProducts200OkWithElements" file="C:\xampp\htdocs\apiAnalesCiencia\apiAnalesCiencia\tests\Controller\Person\PersonRelationsControllerTest.php" line="218" class="TDW\Test\ACiencia\Controller\Person\PersonRelationsControllerTest" classname="TDW.Test.ACiencia.Controller.Person.PersonRelationsControllerTest" assertions="4" time="0.128542"/>
        <testcase name="testRemoveProduct209" file="C:\xampp\htdocs\apiAnalesCiencia\apiAnalesCiencia\tests\Controller\Person\PersonRelationsControllerTest.php" line="244" class="TDW\Test\ACiencia\Controller\Person\PersonRelationsControllerTest" classname="TDW.Test.ACiencia.Controller.Person.PersonRelationsControllerTest" assertions="4" time="0.015897"/>
        <testcase name="testGetProducts200OkEmpty" file="C:\xampp\htdocs\apiAnalesCiencia\apiAnalesCiencia\tests\Controller\Person\PersonRelationsControllerTest.php" line="267" class="TDW\Test\ACiencia\Controller\Person\PersonRelationsControllerTest" classname="TDW.Test.ACiencia.Controller.Person.PersonRelationsControllerTest" assertions="4" time="0.026775"/>
        <testcase name="testGetEntities200OkWithElements" file="C:\xampp\htdocs\apiAnalesCiencia\apiAnalesCiencia\tests\Controller\Person\PersonRelationsControllerTest.php" line="127" class="TDW\Test\ACiencia\Controller\Person\PersonRelationsControllerTest" classname="TDW.Test.ACiencia.Controller.Person.PersonRelationsControllerTest" assertions="4" time="0.127520"/>
        <testcase name="testGetEntitiesTag" file="C:\xampp\htdocs\apiAnalesCiencia\apiAnalesCiencia\tests\Controller\Person\PersonRelationsControllerTest.php" line="93" class="TDW\Test\ACiencia\Controller\Person\PersonRelationsControllerTest" classname="TDW.Test.ACiencia.Controller.Person.PersonRelationsControllerTest" assertions="1" time="0.000122"/>
        <testsuite name="TDW\Test\ACiencia\Controller\Person\PersonRelationsControllerTest::testPersonRelationshipErrors" tests="18" assertions="108" errors="0" failures="0" skipped="0" time="1.690220">
          <testcase name="testPersonRelationshipErrors with data set &quot;putAddEntity404&quot;" file="C:\xampp\htdocs\apiAnalesCiencia\apiAnalesCiencia\tests\Controller\Person\PersonRelationsControllerTest.php" line="292" class="TDW\Test\ACiencia\Controller\Person\PersonRelationsControllerTest" classname="TDW.Test.ACiencia.Controller.Person.PersonRelationsControllerTest" assertions="6" time="0.121584"/>
          <testcase name="testPersonRelationshipErrors with data set &quot;putAddProduct406&quot;" file="C:\xampp\htdocs\apiAnalesCiencia\apiAnalesCiencia\tests\Controller\Person\PersonRelationsControllerTest.php" line="292" class="TDW\Test\ACiencia\Controller\Person\PersonRelationsControllerTest" classname="TDW.Test.ACiencia.Controller.Person.PersonRelationsControllerTest" assertions="6" time="0.127337"/>
          <testcase name="testPersonRelationshipErrors with data set &quot;putRemoveEntity403&quot;" file="C:\xampp\htdocs\apiAnalesCiencia\apiAnalesCiencia\tests\Controller\Person\PersonRelationsControllerTest.php" line="292" class="TDW\Test\ACiencia\Controller\Person\PersonRelationsControllerTest" classname="TDW.Test.ACiencia.Controller.Person.PersonRelationsControllerTest" assertions="6" time="0.107234"/>
          <testcase name="testPersonRelationshipErrors with data set &quot;putRemoveEntity406&quot;" file="C:\xampp\htdocs\apiAnalesCiencia\apiAnalesCiencia\tests\Controller\Person\PersonRelationsControllerTest.php" line="292" class="TDW\Test\ACiencia\Controller\Person\PersonRelationsControllerTest" classname="TDW.Test.ACiencia.Controller.Person.PersonRelationsControllerTest" assertions="6" time="0.116636"/>
          <testcase name="testPersonRelationshipErrors with data set &quot;putRemoveProduct404&quot;" file="C:\xampp\htdocs\apiAnalesCiencia\apiAnalesCiencia\tests\Controller\Person\PersonRelationsControllerTest.php" line="292" class="TDW\Test\ACiencia\Controller\Person\PersonRelationsControllerTest" classname="TDW.Test.ACiencia.Controller.Person.PersonRelationsControllerTest" assertions="6" time="0.124349"/>
          <testcase name="testPersonRelationshipErrors with data set &quot;getEntities404&quot;" file="C:\xampp\htdocs\apiAnalesCiencia\apiAnalesCiencia\tests\Controller\Person\PersonRelationsControllerTest.php" line="292" class="TDW\Test\ACiencia\Controller\Person\PersonRelationsControllerTest" classname="TDW.Test.ACiencia.Controller.Person.PersonRelationsControllerTest" assertions="6" time="0.091204"/>
          <testcase name="testPersonRelationshipErrors with data set &quot;putRemoveProduct403&quot;" file="C:\xampp\htdocs\apiAnalesCiencia\apiAnalesCiencia\tests\Controller\Person\PersonRelationsControllerTest.php" line="292" class="TDW\Test\ACiencia\Controller\Person\PersonRelationsControllerTest" classname="TDW.Test.ACiencia.Controller.Person.PersonRelationsControllerTest" assertions="6" time="0.099663"/>
          <testcase name="testPersonRelationshipErrors with data set &quot;getProducts404&quot;" file="C:\xampp\htdocs\apiAnalesCiencia\apiAnalesCiencia\tests\Controller\Person\PersonRelationsControllerTest.php" line="292" class="TDW\Test\ACiencia\Controller\Person\PersonRelationsControllerTest" classname="TDW.Test.ACiencia.Controller.Person.PersonRelationsControllerTest" assertions="6" time="0.122388"/>
          <testcase name="testPersonRelationshipErrors with data set &quot;putRemoveEntity404&quot;" file="C:\xampp\htdocs\apiAnalesCiencia\apiAnalesCiencia\tests\Controller\Person\PersonRelationsControllerTest.php" line="292" class="TDW\Test\ACiencia\Controller\Person\PersonRelationsControllerTest" classname="TDW.Test.ACiencia.Controller.Person.PersonRelationsControllerTest" assertions="6" time="0.112014"/>
          <testcase name="testPersonRelationshipErrors with data set &quot;putAddProduct403&quot;" file="C:\xampp\htdocs\apiAnalesCiencia\apiAnalesCiencia\tests\Controller\Person\PersonRelationsControllerTest.php" line="292" class="TDW\Test\ACiencia\Controller\Person\PersonRelationsControllerTest" classname="TDW.Test.ACiencia.Controller.Person.PersonRelationsControllerTest" assertions="6" time="0.089910"/>
          <testcase name="testPersonRelationshipErrors with data set &quot;putAddEntity403&quot;" file="C:\xampp\htdocs\apiAnalesCiencia\apiAnalesCiencia\tests\Controller\Person\PersonRelationsControllerTest.php" line="292" class="TDW\Test\ACiencia\Controller\Person\PersonRelationsControllerTest" classname="TDW.Test.ACiencia.Controller.Person.PersonRelationsControllerTest" assertions="6" time="0.093671"/>
          <testcase name="testPersonRelationshipErrors with data set &quot;putAddProduct401&quot;" file="C:\xampp\htdocs\apiAnalesCiencia\apiAnalesCiencia\tests\Controller\Person\PersonRelationsControllerTest.php" line="292" class="TDW\Test\ACiencia\Controller\Person\PersonRelationsControllerTest" classname="TDW.Test.ACiencia.Controller.Person.PersonRelationsControllerTest" assertions="6" time="0.022143"/>
          <testcase name="testPersonRelationshipErrors with data set &quot;putAddProduct404&quot;" file="C:\xampp\htdocs\apiAnalesCiencia\apiAnalesCiencia\tests\Controller\Person\PersonRelationsControllerTest.php" line="292" class="TDW\Test\ACiencia\Controller\Person\PersonRelationsControllerTest" classname="TDW.Test.ACiencia.Controller.Person.PersonRelationsControllerTest" assertions="6" time="0.124141"/>
          <testcase name="testPersonRelationshipErrors with data set &quot;putRemoveEntity401&quot;" file="C:\xampp\htdocs\apiAnalesCiencia\apiAnalesCiencia\tests\Controller\Person\PersonRelationsControllerTest.php" line="292" class="TDW\Test\ACiencia\Controller\Person\PersonRelationsControllerTest" classname="TDW.Test.ACiencia.Controller.Person.PersonRelationsControllerTest" assertions="6" time="0.020586"/>
          <testcase name="testPersonRelationshipErrors with data set &quot;putRemoveProduct401&quot;" file="C:\xampp\htdocs\apiAnalesCiencia\apiAnalesCiencia\tests\Controller\Person\PersonRelationsControllerTest.php" line="292" class="TDW\Test\ACiencia\Controller\Person\PersonRelationsControllerTest" classname="TDW.Test.ACiencia.Controller.Person.PersonRelationsControllerTest" assertions="6" time="0.032331"/>
          <testcase name="testPersonRelationshipErrors with data set &quot;putAddEntity406&quot;" file="C:\xampp\htdocs\apiAnalesCiencia\apiAnalesCiencia\tests\Controller\Person\PersonRelationsControllerTest.php" line="292" class="TDW\Test\ACiencia\Controller\Person\PersonRelationsControllerTest" classname="TDW.Test.ACiencia.Controller.Person.PersonRelationsControllerTest" assertions="6" time="0.120415"/>
          <testcase name="testPersonRelationshipErrors with data set &quot;putRemoveProduct406&quot;" file="C:\xampp\htdocs\apiAnalesCiencia\apiAnalesCiencia\tests\Controller\Person\PersonRelationsControllerTest.php" line="292" class="TDW\Test\ACiencia\Controller\Person\PersonRelationsControllerTest" classname="TDW.Test.ACiencia.Controller.Person.PersonRelationsControllerTest" assertions="6" time="0.127128"/>
          <testcase name="testPersonRelationshipErrors with data set &quot;putAddEntity401&quot;" file="C:\xampp\htdocs\apiAnalesCiencia\apiAnalesCiencia\tests\Controller\Person\PersonRelationsControllerTest.php" line="292" class="TDW\Test\ACiencia\Controller\Person\PersonRelationsControllerTest" classname="TDW.Test.ACiencia.Controller.Person.PersonRelationsControllerTest" assertions="6" time="0.037485"/>
        </testsuite>
        <testcase name="testRemoveEntity209" file="C:\xampp\htdocs\apiAnalesCiencia\apiAnalesCiencia\tests\Controller\Person\PersonRelationsControllerTest.php" line="153" class="TDW\Test\ACiencia\Controller\Person\PersonRelationsControllerTest" classname="TDW.Test.ACiencia.Controller.Person.PersonRelationsControllerTest" assertions="4" time="0.043390"/>
        <testcase name="testGetEntities200OkEmpty" file="C:\xampp\htdocs\apiAnalesCiencia\apiAnalesCiencia\tests\Controller\Person\PersonRelationsControllerTest.php" line="176" class="TDW\Test\ACiencia\Controller\Person\PersonRelationsControllerTest" classname="TDW.Test.ACiencia.Controller.Person.PersonRelationsControllerTest" assertions="4" time="0.029627"/>
      </testsuite>
      <testsuite name="TDW\Test\ACiencia\Controller\Product\ProductRelationsControllerTest" file="C:\xampp\htdocs\apiAnalesCiencia\apiAnalesCiencia\tests\Controller\Product\ProductRelationsControllerTest.php" tests="27" assertions="137" errors="0" failures="0" skipped="0" time="2.335662">
        <testcase name="testAddEntity209" file="C:\xampp\htdocs\apiAnalesCiencia\apiAnalesCiencia\tests\Controller\Product\ProductRelationsControllerTest.php" line="107" class="TDW\Test\ACiencia\Controller\Product\ProductRelationsControllerTest" classname="TDW.Test.ACiencia.Controller.Product.ProductRelationsControllerTest" assertions="2" time="0.128166"/>
        <testcase name="testGetEntities200OkWithElements" file="C:\xampp\htdocs\apiAnalesCiencia\apiAnalesCiencia\tests\Controller\Product\ProductRelationsControllerTest.php" line="127" class="TDW\Test\ACiencia\Controller\Product\ProductRelationsControllerTest" classname="TDW.Test.ACiencia.Controller.Product.ProductRelationsControllerTest" assertions="4" time="0.125698"/>
        <testcase name="testAddPerson209" file="C:\xampp\htdocs\apiAnalesCiencia\apiAnalesCiencia\tests\Controller\Product\ProductRelationsControllerTest.php" line="198" class="TDW\Test\ACiencia\Controller\Product\ProductRelationsControllerTest" classname="TDW.Test.ACiencia.Controller.Product.ProductRelationsControllerTest" assertions="2" time="0.127583"/>
        <testcase name="testGetPersons200OkWithElements" file="C:\xampp\htdocs\apiAnalesCiencia\apiAnalesCiencia\tests\Controller\Product\ProductRelationsControllerTest.php" line="218" class="TDW\Test\ACiencia\Controller\Product\ProductRelationsControllerTest" classname="TDW.Test.ACiencia.Controller.Product.ProductRelationsControllerTest" assertions="4" time="0.127355"/>
        <testcase name="testRemoveEntity209" file="C:\xampp\htdocs\apiAnalesCiencia\apiAnalesCiencia\tests\Controller\Product\ProductRelationsControllerTest.php" line="153" class="TDW\Test\ACiencia\Controller\Product\ProductRelationsControllerTest" classname="TDW.Test.ACiencia.Controller.Product.ProductRelationsControllerTest" assertions="4" time="0.027887"/>
        <testcase name="testGetEntities200OkEmpty" file="C:\xampp\htdocs\apiAnalesCiencia\apiAnalesCiencia\tests\Controller\Product\ProductRelationsControllerTest.php" line="176" class="TDW\Test\ACiencia\Controller\Product\ProductRelationsControllerTest" classname="TDW.Test.ACiencia.Controller.Product.ProductRelationsControllerTest" assertions="4" time="0.027288"/>
        <testcase name="testGetEntitiesTag" file="C:\xampp\htdocs\apiAnalesCiencia\apiAnalesCiencia\tests\Controller\Product\ProductRelationsControllerTest.php" line="93" class="TDW\Test\ACiencia\Controller\Product\ProductRelationsControllerTest" classname="TDW.Test.ACiencia.Controller.Product.ProductRelationsControllerTest" assertions="1" time="0.000106"/>
        <testcase name="testRemovePerson209" file="C:\xampp\htdocs\apiAnalesCiencia\apiAnalesCiencia\tests\Controller\Product\ProductRelationsControllerTest.php" line="244" class="TDW\Test\ACiencia\Controller\Product\ProductRelationsControllerTest" classname="TDW.Test.ACiencia.Controller.Product.ProductRelationsControllerTest" assertions="4" time="0.036288"/>
        <testcase name="testGetPersons200OkEmpty" file="C:\xampp\htdocs\apiAnalesCiencia\apiAnalesCiencia\tests\Controller\Product\ProductRelationsControllerTest.php" line="267" class="TDW\Test\ACiencia\Controller\Product\ProductRelationsControllerTest" classname="TDW.Test.ACiencia.Controller.Product.ProductRelationsControllerTest" assertions="4" time="0.026596"/>
        <testsuite name="TDW\Test\ACiencia\Controller\Product\ProductRelationsControllerTest::testProductRelationshipErrors" tests="18" assertions="108" errors="0" failures="0" skipped="0" time="1.708694">
          <testcase name="testProductRelationshipErrors with data set &quot;putRemoveEntity403&quot;" file="C:\xampp\htdocs\apiAnalesCiencia\apiAnalesCiencia\tests\Controller\Product\ProductRelationsControllerTest.php" line="292" class="TDW\Test\ACiencia\Controller\Product\ProductRelationsControllerTest" classname="TDW.Test.ACiencia.Controller.Product.ProductRelationsControllerTest" assertions="6" time="0.106511"/>
          <testcase name="testProductRelationshipErrors with data set &quot;putRemovePerson404&quot;" file="C:\xampp\htdocs\apiAnalesCiencia\apiAnalesCiencia\tests\Controller\Product\ProductRelationsControllerTest.php" line="292" class="TDW\Test\ACiencia\Controller\Product\ProductRelationsControllerTest" classname="TDW.Test.ACiencia.Controller.Product.ProductRelationsControllerTest" assertions="6" time="0.123509"/>
          <testcase name="testProductRelationshipErrors with data set &quot;putAddEntity401&quot;" file="C:\xampp\htdocs\apiAnalesCiencia\apiAnalesCiencia\tests\Controller\Product\ProductRelationsControllerTest.php" line="292" class="TDW\Test\ACiencia\Controller\Product\ProductRelationsControllerTest" classname="TDW.Test.ACiencia.Controller.Product.ProductRelationsControllerTest" assertions="6" time="0.039192"/>
          <testcase name="testProductRelationshipErrors with data set &quot;putRemoveEntity406&quot;" file="C:\xampp\htdocs\apiAnalesCiencia\apiAnalesCiencia\tests\Controller\Product\ProductRelationsControllerTest.php" line="292" class="TDW\Test\ACiencia\Controller\Product\ProductRelationsControllerTest" classname="TDW.Test.ACiencia.Controller.Product.ProductRelationsControllerTest" assertions="6" time="0.119162"/>
          <testcase name="testProductRelationshipErrors with data set &quot;putRemoveEntity401&quot;" file="C:\xampp\htdocs\apiAnalesCiencia\apiAnalesCiencia\tests\Controller\Product\ProductRelationsControllerTest.php" line="292" class="TDW\Test\ACiencia\Controller\Product\ProductRelationsControllerTest" classname="TDW.Test.ACiencia.Controller.Product.ProductRelationsControllerTest" assertions="6" time="0.033712"/>
          <testcase name="testProductRelationshipErrors with data set &quot;putAddEntity406&quot;" file="C:\xampp\htdocs\apiAnalesCiencia\apiAnalesCiencia\tests\Controller\Product\ProductRelationsControllerTest.php" line="292" class="TDW\Test\ACiencia\Controller\Product\ProductRelationsControllerTest" classname="TDW.Test.ACiencia.Controller.Product.ProductRelationsControllerTest" assertions="6" time="0.124298"/>
          <testcase name="testProductRelationshipErrors with data set &quot;putRemovePerson406&quot;" file="C:\xampp\htdocs\apiAnalesCiencia\apiAnalesCiencia\tests\Controller\Product\ProductRelationsControllerTest.php" line="292" class="TDW\Test\ACiencia\Controller\Product\ProductRelationsControllerTest" classname="TDW.Test.ACiencia.Controller.Product.ProductRelationsControllerTest" assertions="6" time="0.092118"/>
          <testcase name="testProductRelationshipErrors with data set &quot;putAddPerson401&quot;" file="C:\xampp\htdocs\apiAnalesCiencia\apiAnalesCiencia\tests\Controller\Product\ProductRelationsControllerTest.php" line="292" class="TDW\Test\ACiencia\Controller\Product\ProductRelationsControllerTest" classname="TDW.Test.ACiencia.Controller.Product.ProductRelationsControllerTest" assertions="6" time="0.011082"/>
          <testcase name="testProductRelationshipErrors with data set &quot;getPersons404&quot;" file="C:\xampp\htdocs\apiAnalesCiencia\apiAnalesCiencia\tests\Controller\Product\ProductRelationsControllerTest.php" line="292" class="TDW\Test\ACiencia\Controller\Product\ProductRelationsControllerTest" classname="TDW.Test.ACiencia.Controller.Product.ProductRelationsControllerTest" assertions="6" time="0.114806"/>
          <testcase name="testProductRelationshipErrors with data set &quot;putAddPerson404&quot;" file="C:\xampp\htdocs\apiAnalesCiencia\apiAnalesCiencia\tests\Controller\Product\ProductRelationsControllerTest.php" line="292" class="TDW\Test\ACiencia\Controller\Product\ProductRelationsControllerTest" classname="TDW.Test.ACiencia.Controller.Product.ProductRelationsControllerTest" assertions="6" time="0.127163"/>
          <testcase name="testProductRelationshipErrors with data set &quot;putAddPerson403&quot;" file="C:\xampp\htdocs\apiAnalesCiencia\apiAnalesCiencia\tests\Controller\Product\ProductRelationsControllerTest.php" line="292" class="TDW\Test\ACiencia\Controller\Product\ProductRelationsControllerTest" classname="TDW.Test.ACiencia.Controller.Product.ProductRelationsControllerTest" assertions="6" time="0.090919"/>
          <testcase name="testProductRelationshipErrors with data set &quot;getEntities404&quot;" file="C:\xampp\htdocs\apiAnalesCiencia\apiAnalesCiencia\tests\Controller\Product\ProductRelationsControllerTest.php" line="292" class="TDW\Test\ACiencia\Controller\Product\ProductRelationsControllerTest" classname="TDW.Test.ACiencia.Controller.Product.ProductRelationsControllerTest" assertions="6" time="0.116449"/>
          <testcase name="testProductRelationshipErrors with data set &quot;putAddEntity403&quot;" file="C:\xampp\htdocs\apiAnalesCiencia\apiAnalesCiencia\tests\Controller\Product\ProductRelationsControllerTest.php" line="292" class="TDW\Test\ACiencia\Controller\Product\ProductRelationsControllerTest" classname="TDW.Test.ACiencia.Controller.Product.ProductRelationsControllerTest" assertions="6" time="0.093664"/>
          <testcase name="testProductRelationshipErrors with data set &quot;putRemovePerson401&quot;" file="C:\xampp\htdocs\apiAnalesCiencia\apiAnalesCiencia\tests\Controller\Product\ProductRelationsControllerTest.php" line="292" class="TDW\Test\ACiencia\Controller\Product\ProductRelationsControllerTest" classname="TDW.Test.ACiencia.Controller.Product.ProductRelationsControllerTest" assertions="6" time="0.034154"/>
          <testcase name="testProductRelationshipErrors with data set &quot;putAddEntity404&quot;" file="C:\xampp\htdocs\apiAnalesCiencia\apiAnalesCiencia\tests\Controller\Product\ProductRelationsControllerTest.php" line="292" class="TDW\Test\ACiencia\Controller\Product\ProductRelationsControllerTest" classname="TDW.Test.ACiencia.Controller.Product.ProductRelationsControllerTest" assertions="6" time="0.123593"/>
          <testcase name="testProductRelationshipErrors with data set &quot;putRemoveEntity404&quot;" file="C:\xampp\htdocs\apiAnalesCiencia\apiAnalesCiencia\tests\Controller\Product\ProductRelationsControllerTest.php" line="292" class="TDW\Test\ACiencia\Controller\Product\ProductRelationsControllerTest" classname="TDW.Test.ACiencia.Controller.Product.ProductRelationsControllerTest" assertions="6" time="0.126544"/>
          <testcase name="testProductRelationshipErrors with data set &quot;putAddPerson406&quot;" file="C:\xampp\htdocs\apiAnalesCiencia\apiAnalesCiencia\tests\Controller\Product\ProductRelationsControllerTest.php" line="292" class="TDW\Test\ACiencia\Controller\Product\ProductRelationsControllerTest" classname="TDW.Test.ACiencia.Controller.Product.ProductRelationsControllerTest" assertions="6" time="0.126808"/>
          <testcase name="testProductRelationshipErrors with data set &quot;putRemovePerson403&quot;" file="C:\xampp\htdocs\apiAnalesCiencia\apiAnalesCiencia\tests\Controller\Product\ProductRelationsControllerTest.php" line="292" class="TDW\Test\ACiencia\Controller\Product\ProductRelationsControllerTest" classname="TDW.Test.ACiencia.Controller.Product.ProductRelationsControllerTest" assertions="6" time="0.105008"/>
        </testsuite>
      </testsuite>
      <testsuite name="TDW\Test\ACiencia\Entity\ProductTest" file="C:\xampp\htdocs\apiAnalesCiencia\apiAnalesCiencia\tests\Entity\ProductTest.php" tests="11" assertions="26" errors="0" failures="0" skipped="0" time="0.001662">
        <testcase name="testGetSetDeathDate" file="C:\xampp\htdocs\apiAnalesCiencia\apiAnalesCiencia\tests\Entity\ProductTest.php" line="82" class="TDW\Test\ACiencia\Entity\ProductTest" classname="TDW.Test.ACiencia.Entity.ProductTest" assertions="1" time="0.000222"/>
        <testcase name="testToString" file="C:\xampp\htdocs\apiAnalesCiencia\apiAnalesCiencia\tests\Entity\ProductTest.php" line="146" class="TDW\Test\ACiencia\Entity\ProductTest" classname="TDW.Test.ACiencia.Entity.ProductTest" assertions="3" time="0.000219"/>
        <testcase name="testGetAddContainsRemovePersons" file="C:\xampp\htdocs\apiAnalesCiencia\apiAnalesCiencia\tests\Entity\ProductTest.php" line="129" class="TDW\Test\ACiencia\Entity\ProductTest" classname="TDW.Test.ACiencia.Entity.ProductTest" assertions="6" time="0.000136"/>
        <testcase name="testGetId" file="C:\xampp\htdocs\apiAnalesCiencia\apiAnalesCiencia\tests\Entity\ProductTest.php" line="57" class="TDW\Test\ACiencia\Entity\ProductTest" classname="TDW.Test.ACiencia.Entity.ProductTest" assertions="1" time="0.000070"/>
        <testcase name="testGetSetWikiUrl" file="C:\xampp\htdocs\apiAnalesCiencia\apiAnalesCiencia\tests\Entity\ProductTest.php" line="102" class="TDW\Test\ACiencia\Entity\ProductTest" classname="TDW.Test.ACiencia.Entity.ProductTest" assertions="1" time="0.000185"/>
        <testcase name="testGetSetProductName" file="C:\xampp\htdocs\apiAnalesCiencia\apiAnalesCiencia\tests\Entity\ProductTest.php" line="62" class="TDW\Test\ACiencia\Entity\ProductTest" classname="TDW.Test.ACiencia.Entity.ProductTest" assertions="1" time="0.000152"/>
        <testcase name="testConstructor" file="C:\xampp\htdocs\apiAnalesCiencia\apiAnalesCiencia\tests\Entity\ProductTest.php" line="44" class="TDW\Test\ACiencia\Entity\ProductTest" classname="TDW.Test.ACiencia.Entity.ProductTest" assertions="4" time="0.000169"/>
        <testcase name="testGetSetImageUrl" file="C:\xampp\htdocs\apiAnalesCiencia\apiAnalesCiencia\tests\Entity\ProductTest.php" line="92" class="TDW\Test\ACiencia\Entity\ProductTest" classname="TDW.Test.ACiencia.Entity.ProductTest" assertions="1" time="0.000114"/>
        <testcase name="testGetSetBirthDate" file="C:\xampp\htdocs\apiAnalesCiencia\apiAnalesCiencia\tests\Entity\ProductTest.php" line="72" class="TDW\Test\ACiencia\Entity\ProductTest" classname="TDW.Test.ACiencia.Entity.ProductTest" assertions="1" time="0.000087"/>
        <testcase name="testJsonSerialize" file="C:\xampp\htdocs\apiAnalesCiencia\apiAnalesCiencia\tests\Entity\ProductTest.php" line="168" class="TDW\Test\ACiencia\Entity\ProductTest" classname="TDW.Test.ACiencia.Entity.ProductTest" assertions="1" time="0.000160"/>
        <testcase name="testGetAddContainsRemoveEntities" file="C:\xampp\htdocs\apiAnalesCiencia\apiAnalesCiencia\tests\Entity\ProductTest.php" line="112" class="TDW\Test\ACiencia\Entity\ProductTest" classname="TDW.Test.ACiencia.Entity.ProductTest" assertions="6" time="0.000149"/>
      </testsuite>
      <testsuite name="TDW\Test\ACiencia\Controller\Person\PersonControllerTest" file="C:\xampp\htdocs\apiAnalesCiencia\apiAnalesCiencia\tests\Controller\Person\PersonControllerTest.php" tests="24" assertions="128" errors="0" failures="0" skipped="0" time="0.953961">
        <testsuite name="TDW\Test\ACiencia\Controller\Person\PersonControllerTest::testPersonStatus403Forbidden" tests="3" assertions="18" errors="0" failures="0" skipped="0" time="0.294271">
          <testcase name="testPersonStatus403Forbidden with data set &quot;putAction403&quot;" file="C:\xampp\htdocs\apiAnalesCiencia\apiAnalesCiencia\tests\Controller\Person\PersonControllerTest.php" line="511" class="TDW\Test\ACiencia\Controller\Person\PersonControllerTest" classname="TDW.Test.ACiencia.Controller.Person.PersonControllerTest" assertions="6" time="0.102696"/>
          <testcase name="testPersonStatus403Forbidden with data set &quot;postAction403&quot;" file="C:\xampp\htdocs\apiAnalesCiencia\apiAnalesCiencia\tests\Controller\Person\PersonControllerTest.php" line="511" class="TDW\Test\ACiencia\Controller\Person\PersonControllerTest" classname="TDW.Test.ACiencia.Controller.Person.PersonControllerTest" assertions="6" time="0.090007"/>
          <testcase name="testPersonStatus403Forbidden with data set &quot;deleteAction403&quot;" file="C:\xampp\htdocs\apiAnalesCiencia\apiAnalesCiencia\tests\Controller\Person\PersonControllerTest.php" line="511" class="TDW\Test\ACiencia\Controller\Person\PersonControllerTest" classname="TDW.Test.ACiencia.Controller.Person.PersonControllerTest" assertions="6" time="0.101568"/>
        </testsuite>
        <testsuite name="TDW\Test\ACiencia\Controller\Person\PersonControllerTest::testPersonStatus401Unauthorized" tests="3" assertions="18" errors="0" failures="0" skipped="0" time="0.013058">
          <testcase name="testPersonStatus401Unauthorized with data set &quot;postAction401&quot;" file="C:\xampp\htdocs\apiAnalesCiencia\apiAnalesCiencia\tests\Controller\Person\PersonControllerTest.php" line="491" class="TDW\Test\ACiencia\Controller\Person\PersonControllerTest" classname="TDW.Test.ACiencia.Controller.Person.PersonControllerTest" assertions="6" time="0.004671"/>
          <testcase name="testPersonStatus401Unauthorized with data set &quot;putAction401&quot;" file="C:\xampp\htdocs\apiAnalesCiencia\apiAnalesCiencia\tests\Controller\Person\PersonControllerTest.php" line="491" class="TDW\Test\ACiencia\Controller\Person\PersonControllerTest" classname="TDW.Test.ACiencia.Controller.Person.PersonControllerTest" assertions="6" time="0.004123"/>
          <testcase name="testPersonStatus401Unauthorized with data set &quot;deleteAction401&quot;" file="C:\xampp\htdocs\apiAnalesCiencia\apiAnalesCiencia\tests\Controller\Person\PersonControllerTest.php" line="491" class="TDW\Test\ACiencia\Controller\Person\PersonControllerTest" classname="TDW.Test.ACiencia.Controller.Person.PersonControllerTest" assertions="6" time="0.004265"/>
        </testsuite>
        <testcase name="testCGetPersons404NotFound" file="C:\xampp\htdocs\apiAnalesCiencia\apiAnalesCiencia\tests\Controller\Person\PersonControllerTest.php" line="71" class="TDW\Test\ACiencia\Controller\Person\PersonControllerTest" classname="TDW.Test.ACiencia.Controller.Person.PersonControllerTest" assertions="6" time="0.126655"/>
        <testcase name="testPostPerson201Created" file="C:\xampp\htdocs\apiAnalesCiencia\apiAnalesCiencia\tests\Controller\Person\PersonControllerTest.php" line="91" class="TDW\Test\ACiencia\Controller\Person\PersonControllerTest" classname="TDW.Test.ACiencia.Controller.Person.PersonControllerTest" assertions="9" time="0.036182"/>
        <testcase name="testGetPerson200Ok" file="C:\xampp\htdocs\apiAnalesCiencia\apiAnalesCiencia\tests\Controller\Person\PersonControllerTest.php" line="226" class="TDW\Test\ACiencia\Controller\Person\PersonControllerTest" classname="TDW.Test.ACiencia.Controller.Person.PersonControllerTest" assertions="4" time="0.032264"/>
        <testcase name="testGetPerson304NotModified" file="C:\xampp\htdocs\apiAnalesCiencia\apiAnalesCiencia\tests\Controller\Person\PersonControllerTest.php" line="254" class="TDW\Test\ACiencia\Controller\Person\PersonControllerTest" classname="TDW.Test.ACiencia.Controller.Person.PersonControllerTest" assertions="1" time="0.027891"/>
        <testcase name="testCGetPersons200Ok" file="C:\xampp\htdocs\apiAnalesCiencia\apiAnalesCiencia\tests\Controller\Person\PersonControllerTest.php" line="175" class="TDW\Test\ACiencia\Controller\Person\PersonControllerTest" classname="TDW.Test.ACiencia.Controller.Person.PersonControllerTest" assertions="5" time="0.032576"/>
        <testcase name="testCGetPersons304NotModified" file="C:\xampp\htdocs\apiAnalesCiencia\apiAnalesCiencia\tests\Controller\Person\PersonControllerTest.php" line="201" class="TDW\Test\ACiencia\Controller\Person\PersonControllerTest" classname="TDW.Test.ACiencia.Controller.Person.PersonControllerTest" assertions="1" time="0.032025"/>
        <testcase name="testPostPerson400BadRequest" file="C:\xampp\htdocs\apiAnalesCiencia\apiAnalesCiencia\tests\Controller\Person\PersonControllerTest.php" line="152" class="TDW\Test\ACiencia\Controller\Person\PersonControllerTest" classname="TDW.Test.ACiencia.Controller.Person.PersonControllerTest" assertions="6" time="0.027394"/>
        <testcase name="testGetPersonname204NoContent" file="C:\xampp\htdocs\apiAnalesCiencia\apiAnalesCiencia\tests\Controller\Person\PersonControllerTest.php" line="278" class="TDW\Test\ACiencia\Controller\Person\PersonControllerTest" classname="TDW.Test.ACiencia.Controller.Person.PersonControllerTest" assertions="2" time="0.007373"/>
        <testcase name="testPutPerson209Updated" file="C:\xampp\htdocs\apiAnalesCiencia\apiAnalesCiencia\tests\Controller\Person\PersonControllerTest.php" line="303" class="TDW\Test\ACiencia\Controller\Person\PersonControllerTest" classname="TDW.Test.ACiencia.Controller.Person.PersonControllerTest" assertions="8" time="0.029068"/>
        <testcase name="testPutPerson400BadRequest" file="C:\xampp\htdocs\apiAnalesCiencia\apiAnalesCiencia\tests\Controller\Person\PersonControllerTest.php" line="343" class="TDW\Test\ACiencia\Controller\Person\PersonControllerTest" classname="TDW.Test.ACiencia.Controller.Person.PersonControllerTest" assertions="6" time="0.089608"/>
        <testcase name="testPutPerson412PreconditionFailed" file="C:\xampp\htdocs\apiAnalesCiencia\apiAnalesCiencia\tests\Controller\Person\PersonControllerTest.php" line="379" class="TDW\Test\ACiencia\Controller\Person\PersonControllerTest" classname="TDW.Test.ACiencia.Controller.Person.PersonControllerTest" assertions="6" time="0.029963"/>
        <testcase name="testPostPerson422UnprocessableEntity" file="C:\xampp\htdocs\apiAnalesCiencia\apiAnalesCiencia\tests\Controller\Person\PersonControllerTest.php" line="127" class="TDW\Test\ACiencia\Controller\Person\PersonControllerTest" classname="TDW.Test.ACiencia.Controller.Person.PersonControllerTest" assertions="6" time="0.005699"/>
        <testcase name="testDeletePerson204NoContent" file="C:\xampp\htdocs\apiAnalesCiencia\apiAnalesCiencia\tests\Controller\Person\PersonControllerTest.php" line="426" class="TDW\Test\ACiencia\Controller\Person\PersonControllerTest" classname="TDW.Test.ACiencia.Controller.Person.PersonControllerTest" assertions="2" time="0.042481"/>
        <testcase name="testGetPersonname404NotFound" file="C:\xampp\htdocs\apiAnalesCiencia\apiAnalesCiencia\tests\Controller\Person\PersonControllerTest.php" line="448" class="TDW\Test\ACiencia\Controller\Person\PersonControllerTest" classname="TDW.Test.ACiencia.Controller.Person.PersonControllerTest" assertions="6" time="0.028378"/>
        <testsuite name="TDW\Test\ACiencia\Controller\Person\PersonControllerTest::testPersonStatus404NotFound" tests="3" assertions="18" errors="0" failures="0" skipped="0" time="0.090477">
          <testcase name="testPersonStatus404NotFound with data set &quot;putAction404&quot;" file="C:\xampp\htdocs\apiAnalesCiencia\apiAnalesCiencia\tests\Controller\Person\PersonControllerTest.php" line="468" class="TDW\Test\ACiencia\Controller\Person\PersonControllerTest" classname="TDW.Test.ACiencia.Controller.Person.PersonControllerTest" assertions="6" time="0.029542"/>
          <testcase name="testPersonStatus404NotFound with data set &quot;deleteAction404&quot;" file="C:\xampp\htdocs\apiAnalesCiencia\apiAnalesCiencia\tests\Controller\Person\PersonControllerTest.php" line="468" class="TDW\Test\ACiencia\Controller\Person\PersonControllerTest" classname="TDW.Test.ACiencia.Controller.Person.PersonControllerTest" assertions="6" time="0.031236"/>
          <testcase name="testPersonStatus404NotFound with data set &quot;getAction404&quot;" file="C:\xampp\htdocs\apiAnalesCiencia\apiAnalesCiencia\tests\Controller\Person\PersonControllerTest.php" line="468" class="TDW\Test\ACiencia\Controller\Person\PersonControllerTest" classname="TDW.Test.ACiencia.Controller.Person.PersonControllerTest" assertions="6" time="0.029699"/>
        </testsuite>
        <testcase name="testOptionsPerson204NoContent" file="C:\xampp\htdocs\apiAnalesCiencia\apiAnalesCiencia\tests\Controller\Person\PersonControllerTest.php" line="393" class="TDW\Test\ACiencia\Controller\Person\PersonControllerTest" classname="TDW.Test.ACiencia.Controller.Person.PersonControllerTest" assertions="6" time="0.008599"/>
      </testsuite>
    </testsuite>
  </testsuite>
</testsuites>
